<?xml version="1.0" encoding="UTF-8"?>
<testsuite xmlns:xsi="http://www.w3.org/2001/XMLSchema-instance" xsi:noNamespaceSchemaLocation="https://maven.apache.org/surefire/maven-surefire-plugin/xsd/surefire-test-report-3.0.xsd" version="3.0" name="InjectedTest" time="21.141" tests="7" errors="0" skipped="0" failures="0">
  <properties>
[...]
</properties>
  <testcase name="" classname="org.jvnet.hudson.test.JellyTestSuiteBuilder$JellyCheck" time="0.202">
    <system-out><![CDATA[Running tests for io.jenkins.plugins:folder-tear-down:1.0-SNAPSHOT
]]></system-out>
    <system-err><![CDATA[Mar 16, 2024 8:09:36 PM org.jvnet.hudson.test.WarExploder explode
INFO: Picking up existing exploded jenkins.war at D:\WorkArea\folder-tear-down\target\jenkins-for-test
Mar 16, 2024 8:09:36 PM org.eclipse.jetty.server.handler.ContextHandler setContextPath
WARNING: Empty contextPath
Mar 16, 2024 8:09:36 PM org.eclipse.jetty.server.Server doStart
INFO: jetty-10.0.19; built: 2023-12-15T20:38:32.477Z; git: 8492d1c78f122bb30cce20aecfa07e7283facd47; jvm 17.0.9+9
Mar 16, 2024 8:09:37 PM org.eclipse.jetty.webapp.StandardDescriptorProcessor visitServlet
INFO: NO JSP Support for /, did not find org.eclipse.jetty.jsp.JettyJspServlet
Mar 16, 2024 8:09:37 PM org.eclipse.jetty.server.session.DefaultSessionIdManager doStart
INFO: Session workerName=node0
Mar 16, 2024 8:09:37 PM org.eclipse.jetty.server.handler.ContextHandler doStart
INFO: Started o.e.j.w.WebAppContext@8f2098e{Jenkins v2.426.3,/,file:///D:/WorkArea/folder-tear-down/target/jenkins-for-test/,AVAILABLE}{D:\WorkArea\folder-tear-down\target\jenkins-for-test}
Mar 16, 2024 8:09:37 PM org.eclipse.jetty.server.AbstractConnector doStart
INFO: Started ServerConnector@23202c31{HTTP/1.1, (http/1.1)}{localhost:52427}
Mar 16, 2024 8:09:37 PM org.eclipse.jetty.server.Server doStart
INFO: Started Server@e3994ef{STARTING}[10.0.19,sto=0] @3164ms
Mar 16, 2024 8:09:37 PM jenkins.InitReactorRunner$1 onAttained
INFO: Started initialization
Mar 16, 2024 8:09:38 PM hudson.PluginManager considerDetachedPlugin
INFO: Loading a detached plugin as a dependency: C:\Users\dc-user\AppData\Local\Temp\2\jenkins10220474802616335830\plugins\javax-mail-api.jpi
Mar 16, 2024 8:09:45 PM hudson.PluginManager considerDetachedPlugin
INFO: Loading a detached plugin as a dependency: C:\Users\dc-user\AppData\Local\Temp\2\jenkins10220474802616335830\plugins\command-launcher.jpi
Mar 16, 2024 8:09:45 PM hudson.PluginManager considerDetachedPlugin
INFO: Loading a detached plugin as a dependency: C:\Users\dc-user\AppData\Local\Temp\2\jenkins10220474802616335830\plugins\jdk-tool.jpi
Mar 16, 2024 8:09:46 PM jenkins.InitReactorRunner$1 onAttained
INFO: Listed all plugins
Mar 16, 2024 8:09:46 PM jenkins.bouncycastle.api.BouncyCastlePlugin start
INFO: D:\WorkArea\folder-tear-down\target\tmp\j h15044935751981641686\plugins\bouncycastle-api\WEB-INF\optional-lib not found; for non RealJenkinsRule this is fine and can be ignored.
Mar 16, 2024 8:09:49 PM jenkins.InitReactorRunner$1 onAttained
INFO: Prepared all plugins
Mar 16, 2024 8:09:49 PM jenkins.InitReactorRunner$1 onAttained
INFO: Started all plugins
Mar 16, 2024 8:09:49 PM jenkins.InitReactorRunner$1 onAttained
INFO: Augmented all extensions
Mar 16, 2024 8:09:49 PM jenkins.InitReactorRunner$1 onAttained
INFO: System config loaded
Mar 16, 2024 8:09:49 PM jenkins.InitReactorRunner$1 onAttained
INFO: System config adapted
Mar 16, 2024 8:09:49 PM jenkins.InitReactorRunner$1 onAttained
INFO: Loaded all jobs
Mar 16, 2024 8:09:49 PM jenkins.InitReactorRunner$1 onAttained
INFO: Configuration for all jobs updated
Mar 16, 2024 8:09:50 PM jenkins.InitReactorRunner$1 onAttained
INFO: Completed initialization
Mar 16, 2024 8:09:52 PM org.eclipse.jetty.server.Server doStart
INFO: jetty-10.0.19; built: 2023-12-15T20:38:32.477Z; git: 8492d1c78f122bb30cce20aecfa07e7283facd47; jvm 17.0.9+9
Mar 16, 2024 8:09:52 PM org.eclipse.jetty.server.session.DefaultSessionIdManager doStart
INFO: Session workerName=node0
Mar 16, 2024 8:09:52 PM org.eclipse.jetty.server.handler.ContextHandler doStart
INFO: Started o.e.j.s.ServletContextHandler@77b5148c{/,null,AVAILABLE}
Mar 16, 2024 8:09:52 PM org.eclipse.jetty.server.AbstractConnector doStart
INFO: Started ServerConnector@1ab14636{HTTP/1.1, (http/1.1)}{0.0.0.0:52434}
Mar 16, 2024 8:09:52 PM org.eclipse.jetty.server.Server doStart
INFO: Started Server@49fdbe2b{STARTING}[10.0.19,sto=0] @18884ms
]]></system-err>
  </testcase>
  <testcase name="" classname="org.jvnet.hudson.test.JellyTestSuiteBuilder$JellyCheck" time="0.028"/>
  <testcase name="" classname="org.jvnet.hudson.test.JellyTestSuiteBuilder$JellyCheck" time="0.003"/>
  <testcase name="" classname="org.jvnet.hudson.test.JellyTestSuiteBuilder$JellyCheck" time="0.054"/>
  <testcase name="testCliSanity" classname="InjectedTest" time="0.013"/>
  <testcase name="testPluginActive" classname="InjectedTest" time="0.001"/>
  <testcase name="" classname="org.jvnet.hudson.test.junit.FailedTest" time="0.0">
    <system-err><![CDATA[Mar 16, 2024 8:09:57 PM org.eclipse.jetty.server.Server doStop
INFO: Stopped Server@e3994ef{STOPPING}[10.0.19,sto=0]
Mar 16, 2024 8:09:57 PM org.eclipse.jetty.server.AbstractConnector doStop
INFO: Stopped ServerConnector@23202c31{HTTP/1.1, (http/1.1)}{localhost:0}
Mar 16, 2024 8:09:57 PM org.eclipse.jetty.server.handler.ContextHandler doStop
INFO: Stopped o.e.j.w.WebAppContext@8f2098e{Jenkins v2.426.3,/,file:///D:/WorkArea/folder-tear-down/target/jenkins-for-test/,STOPPED}{D:\WorkArea\folder-tear-down\target\jenkins-for-test}
Mar 16, 2024 8:09:57 PM hudson.lifecycle.Lifecycle onStatusUpdate
INFO: Stopping Jenkins
Mar 16, 2024 8:09:57 PM hudson.lifecycle.Lifecycle onStatusUpdate
INFO: Jenkins stopped
Mar 16, 2024 8:09:57 PM org.jvnet.hudson.test.TemporaryDirectoryAllocator dispose
INFO: deleting D:\WorkArea\folder-tear-down\target\tmp\j h15044935751981641686
]]></system-err>
  </testcase>
</testsuite>