<?xml version="1.0" encoding="UTF-8"?>
<testsuite xmlns:xsi="http://www.w3.org/2001/XMLSchema-instance" xsi:noNamespaceSchemaLocation="https://maven.apache.org/surefire/maven-surefire-plugin/xsd/surefire-test-report-3.0.xsd" version="3.0" name="io.jenkins.plugins.sample.SampleConfigurationTest" time="24.164" tests="1" errors="1" skipped="0" failures="0">
  <properties>
[...]
</properties>
  <testcase name="uiAndStorage" classname="io.jenkins.plugins.sample.SampleConfigurationTest" time="24.145">
    <error message="500 Server Error for http://localhost:50561/jenkins/configure" type="com.gargoylesoftware.htmlunit.FailingHttpStatusCodeException"><![CDATA[com.gargoylesoftware.htmlunit.FailingHttpStatusCodeException: 500 Server Error for http://localhost:50561/jenkins/configure
	at com.gargoylesoftware.htmlunit.WebClient.throwFailingHttpStatusCodeExceptionIfNecessary(WebClient.java:757)
	at com.gargoylesoftware.htmlunit.WebClient.getPage(WebClient.java:509)
	at com.gargoylesoftware.htmlunit.WebClient.getPage(WebClient.java:411)
	at com.gargoylesoftware.htmlunit.WebClient.getPage(WebClient.java:546)
	at com.gargoylesoftware.htmlunit.WebClient.getPage(WebClient.java:527)
	at org.jvnet.hudson.test.JenkinsRule$WebClient.goTo(JenkinsRule.java:2602)
	at org.jvnet.hudson.test.JenkinsRule$WebClient.goTo(JenkinsRule.java:2582)
	at io.jenkins.plugins.sample.SampleConfigurationTest.lambda$uiAndStorage$0(SampleConfigurationTest.java:28)
	at org.jvnet.hudson.test.JenkinsSessionRule$2.evaluate(JenkinsSessionRule.java:92)
	at org.jvnet.hudson.test.JenkinsRule$1.evaluate(JenkinsRule.java:601)
	at org.junit.internal.runners.statements.FailOnTimeout$CallableStatement.call(FailOnTimeout.java:299)
	at org.junit.internal.runners.statements.FailOnTimeout$CallableStatement.call(FailOnTimeout.java:293)
	at java.util.concurrent.FutureTask.run(FutureTask.java:266)
	at java.lang.Thread.run(Thread.java:750)
]]></error>
    <system-out><![CDATA[=== Starting uiAndStorage(io.jenkins.plugins.sample.SampleConfigurationTest)
]]></system-out>
    <system-err><![CDATA[   0.030 [id=367]	INFO	o.jvnet.hudson.test.JenkinsRule#createWebServer: Running on http://localhost:50561/jenkins/
   0.123 [id=380]	INFO	jenkins.InitReactorRunner$1#onAttained: Started initialization
   0.124 [id=379]	INFO	jenkins.InitReactorRunner$1#onAttained: Listed all plugins
   0.393 [id=384]	INFO	jenkins.InitReactorRunner$1#onAttained: Prepared all plugins
   0.407 [id=381]	INFO	jenkins.InitReactorRunner$1#onAttained: Started all plugins
   0.614 [id=379]	INFO	jenkins.InitReactorRunner$1#onAttained: Augmented all extensions
   0.617 [id=379]	INFO	jenkins.InitReactorRunner$1#onAttained: System config loaded
   0.618 [id=379]	INFO	jenkins.InitReactorRunner$1#onAttained: System config adapted
   0.618 [id=379]	INFO	jenkins.InitReactorRunner$1#onAttained: Loaded all jobs
   0.620 [id=379]	INFO	jenkins.InitReactorRunner$1#onAttained: Configuration for all jobs updated
   0.657 [id=383]	INFO	jenkins.InitReactorRunner$1#onAttained: Completed initialization
  15.211 [id=372]	WARNING	h.i.i.InstallUncaughtExceptionHandler#handleException: Caught unhandled exception with ID c7556885-eb3f-4b20-80ea-19a63033d8fc
org.apache.commons.jelly.JellyTagException: jar:file:/C:/Users/dc-user/.m2/repository/org/jenkins-ci/main/jenkins-core/2.277.1/jenkins-core-2.277.1.jar!/jenkins/model/Jenkins/configure.jelly:54:84: <st:include> No page found 'config.jelly' for class com.mc.folderteardown.JobTearDownConfiguration
	at org.kohsuke.stapler.jelly.IncludeTag.doTag(IncludeTag.java:124)
	at org.apache.commons.jelly.impl.TagScript.run(TagScript.java:269)
	at org.kohsuke.stapler.jelly.CallTagLibScript$1.run(CallTagLibScript.java:99)
	at org.apache.commons.jelly.tags.define.InvokeBodyTag.doTag(InvokeBodyTag.java:91)
	at org.apache.commons.jelly.impl.TagScript.run(TagScript.java:269)
	at org.kohsuke.stapler.jelly.ReallyStaticTagLibrary$1.run(ReallyStaticTagLibrary.java:100)
	at org.apache.commons.jelly.impl.ScriptBlock.run(ScriptBlock.java:95)
	at org.apache.commons.jelly.TagSupport.invokeBody(TagSupport.java:161)
	at org.apache.commons.jelly.tags.core.OtherwiseTag.doTag(OtherwiseTag.java:41)
	at org.apache.commons.jelly.impl.TagScript.run(TagScript.java:269)
	at org.apache.commons.jelly.impl.ScriptBlock.run(ScriptBlock.java:95)
	at org.apache.commons.jelly.TagSupport.invokeBody(TagSupport.java:161)
	at org.apache.commons.jelly.tags.core.ChooseTag.doTag(ChooseTag.java:38)
	at org.apache.commons.jelly.impl.TagScript.run(TagScript.java:269)
	at org.kohsuke.stapler.jelly.ReallyStaticTagLibrary$1.run(ReallyStaticTagLibrary.java:100)
	at org.apache.commons.jelly.impl.ScriptBlock.run(ScriptBlock.java:95)
	at org.apache.commons.jelly.tags.core.CoreTagLibrary$2.run(CoreTagLibrary.java:105)
	at org.kohsuke.stapler.jelly.CallTagLibScript.run(CallTagLibScript.java:120)
	at org.apache.commons.jelly.impl.ScriptBlock.run(ScriptBlock.java:95)
	at org.apache.commons.jelly.TagSupport.invokeBody(TagSupport.java:161)
	at org.apache.commons.jelly.tags.core.ForEachTag.doTag(ForEachTag.java:150)
	at org.apache.commons.jelly.impl.TagScript.run(TagScript.java:269)
	at org.apache.commons.jelly.impl.ScriptBlock.run(ScriptBlock.java:95)
	at org.kohsuke.stapler.jelly.CallTagLibScript$1.run(CallTagLibScript.java:99)
	at org.apache.commons.jelly.tags.define.InvokeBodyTag.doTag(InvokeBodyTag.java:91)
	at org.apache.commons.jelly.impl.TagScript.run(TagScript.java:269)
	at org.kohsuke.stapler.jelly.ReallyStaticTagLibrary$1.run(ReallyStaticTagLibrary.java:100)
	at org.kohsuke.stapler.jelly.ReallyStaticTagLibrary$1.run(ReallyStaticTagLibrary.java:100)
	at org.apache.commons.jelly.impl.ScriptBlock.run(ScriptBlock.java:95)
	at org.apache.commons.jelly.tags.core.CoreTagLibrary$2.run(CoreTagLibrary.java:105)
	at org.kohsuke.stapler.jelly.CallTagLibScript.run(CallTagLibScript.java:120)
	at org.apache.commons.jelly.impl.ScriptBlock.run(ScriptBlock.java:95)
	at org.kohsuke.stapler.jelly.CallTagLibScript$1.run(CallTagLibScript.java:99)
	at org.apache.commons.jelly.tags.define.InvokeBodyTag.doTag(InvokeBodyTag.java:91)
	at org.apache.commons.jelly.impl.TagScript.run(TagScript.java:269)
	at org.apache.commons.jelly.impl.ScriptBlock.run(ScriptBlock.java:95)
	at org.apache.commons.jelly.tags.core.CoreTagLibrary$1.run(CoreTagLibrary.java:98)
	at org.apache.commons.jelly.impl.ScriptBlock.run(ScriptBlock.java:95)
	at org.apache.commons.jelly.tags.core.CoreTagLibrary$2.run(CoreTagLibrary.java:105)
	at org.kohsuke.stapler.jelly.CallTagLibScript.run(CallTagLibScript.java:120)
	at org.apache.commons.jelly.impl.ScriptBlock.run(ScriptBlock.java:95)
	at org.kohsuke.stapler.jelly.CallTagLibScript$1.run(CallTagLibScript.java:99)
	at org.apache.commons.jelly.tags.define.InvokeBodyTag.doTag(InvokeBodyTag.java:91)
	at org.apache.commons.jelly.impl.TagScript.run(TagScript.java:269)
	at org.apache.commons.jelly.impl.ScriptBlock.run(ScriptBlock.java:95)
	at org.kohsuke.stapler.jelly.ReallyStaticTagLibrary$1.run(ReallyStaticTagLibrary.java:100)
	at org.apache.commons.jelly.impl.ScriptBlock.run(ScriptBlock.java:95)
	at org.kohsuke.stapler.jelly.ReallyStaticTagLibrary$1.run(ReallyStaticTagLibrary.java:100)
	at org.apache.commons.jelly.impl.ScriptBlock.run(ScriptBlock.java:95)
	at org.kohsuke.stapler.jelly.ReallyStaticTagLibrary$1.run(ReallyStaticTagLibrary.java:100)
	at org.apache.commons.jelly.impl.ScriptBlock.run(ScriptBlock.java:95)
	at org.kohsuke.stapler.jelly.ReallyStaticTagLibrary$1.run(ReallyStaticTagLibrary.java:100)
	at org.apache.commons.jelly.impl.ScriptBlock.run(ScriptBlock.java:95)
	at org.kohsuke.stapler.jelly.CallTagLibScript$1.run(CallTagLibScript.java:99)
	at org.apache.commons.jelly.tags.define.InvokeBodyTag.doTag(InvokeBodyTag.java:91)
	at org.apache.commons.jelly.impl.TagScript.run(TagScript.java:269)
	at org.apache.commons.jelly.impl.ScriptBlock.run(ScriptBlock.java:95)
	at org.apache.commons.jelly.tags.core.CoreTagLibrary$2.run(CoreTagLibrary.java:105)
	at org.kohsuke.stapler.jelly.CallTagLibScript.run(CallTagLibScript.java:120)
	at org.apache.commons.jelly.impl.ScriptBlock.run(ScriptBlock.java:95)
	at org.apache.commons.jelly.tags.core.CoreTagLibrary$2.run(CoreTagLibrary.java:105)
	at org.kohsuke.stapler.jelly.CallTagLibScript.run(CallTagLibScript.java:120)
	at org.apache.commons.jelly.tags.core.CoreTagLibrary$2.run(CoreTagLibrary.java:105)
	at org.kohsuke.stapler.jelly.JellyViewScript.run(JellyViewScript.java:95)
	at org.kohsuke.stapler.jelly.DefaultScriptInvoker.invokeScript(DefaultScriptInvoker.java:64)
	at org.kohsuke.stapler.jelly.DefaultScriptInvoker.invokeScript(DefaultScriptInvoker.java:54)
	at org.kohsuke.stapler.jelly.ScriptInvoker.execute(ScriptInvoker.java:56)
	at org.kohsuke.stapler.jelly.ScriptInvoker.execute(ScriptInvoker.java:43)
	at org.kohsuke.stapler.Facet$1.dispatch(Facet.java:240)
	at org.kohsuke.stapler.Stapler.tryInvoke(Stapler.java:766)
	at org.kohsuke.stapler.Stapler.invoke(Stapler.java:898)
	at org.kohsuke.stapler.Stapler.invoke(Stapler.java:694)
	at org.kohsuke.stapler.Stapler.service(Stapler.java:240)
	at javax.servlet.http.HttpServlet.service(HttpServlet.java:790)
	at org.eclipse.jetty.servlet.ServletHolder.handle(ServletHolder.java:799)
	at org.eclipse.jetty.servlet.ServletHandler$ChainEnd.doFilter(ServletHandler.java:1626)
	at hudson.util.PluginServletFilter$1.doFilter(PluginServletFilter.java:154)
	at jenkins.security.ResourceDomainFilter.doFilter(ResourceDomainFilter.java:76)
	at hudson.util.PluginServletFilter$1.doFilter(PluginServletFilter.java:151)
	at jenkins.telemetry.impl.UserLanguages$AcceptLanguageFilter.doFilter(UserLanguages.java:129)
	at hudson.util.PluginServletFilter$1.doFilter(PluginServletFilter.java:151)
	at hudson.util.PluginServletFilter.doFilter(PluginServletFilter.java:157)
	at org.eclipse.jetty.servlet.FilterHolder.doFilter(FilterHolder.java:193)
	at org.eclipse.jetty.servlet.ServletHandler$Chain.doFilter(ServletHandler.java:1601)
	at hudson.security.csrf.CrumbFilter.doFilter(CrumbFilter.java:159)
	at org.eclipse.jetty.servlet.FilterHolder.doFilter(FilterHolder.java:193)
	at org.eclipse.jetty.servlet.ServletHandler$Chain.doFilter(ServletHandler.java:1601)
	at hudson.security.ChainedServletFilter$1.doFilter(ChainedServletFilter.java:92)
	at hudson.security.ChainedServletFilter.doFilter(ChainedServletFilter.java:109)
	at hudson.security.HudsonFilter.doFilter(HudsonFilter.java:168)
	at org.eclipse.jetty.servlet.FilterHolder.doFilter(FilterHolder.java:193)
	at org.eclipse.jetty.servlet.ServletHandler$Chain.doFilter(ServletHandler.java:1601)
	at org.kohsuke.stapler.compression.CompressionFilter.doFilter(CompressionFilter.java:51)
	at org.eclipse.jetty.servlet.FilterHolder.doFilter(FilterHolder.java:193)
	at org.eclipse.jetty.servlet.ServletHandler$Chain.doFilter(ServletHandler.java:1601)
	at hudson.util.CharacterEncodingFilter.doFilter(CharacterEncodingFilter.java:82)
	at org.eclipse.jetty.servlet.FilterHolder.doFilter(FilterHolder.java:193)
	at org.eclipse.jetty.servlet.ServletHandler$Chain.doFilter(ServletHandler.java:1601)
	at org.kohsuke.stapler.DiagnosticThreadNameFilter.doFilter(DiagnosticThreadNameFilter.java:30)
	at org.eclipse.jetty.servlet.FilterHolder.doFilter(FilterHolder.java:193)
	at org.eclipse.jetty.servlet.ServletHandler$Chain.doFilter(ServletHandler.java:1601)
	at jenkins.security.SuspiciousRequestFilter.doFilter(SuspiciousRequestFilter.java:36)
	at org.eclipse.jetty.servlet.FilterHolder.doFilter(FilterHolder.java:193)
	at org.eclipse.jetty.servlet.ServletHandler$Chain.doFilter(ServletHandler.java:1601)
	at org.eclipse.jetty.servlet.ServletHandler.doHandle(ServletHandler.java:548)
	at org.eclipse.jetty.server.handler.ScopedHandler.handle(ScopedHandler.java:143)
	at org.eclipse.jetty.security.SecurityHandler.handle(SecurityHandler.java:578)
	at org.eclipse.jetty.server.handler.HandlerWrapper.handle(HandlerWrapper.java:127)
	at org.eclipse.jetty.server.handler.ScopedHandler.nextHandle(ScopedHandler.java:235)
	at org.eclipse.jetty.server.session.SessionHandler.doHandle(SessionHandler.java:1624)
	at org.eclipse.jetty.server.handler.ScopedHandler.nextHandle(ScopedHandler.java:233)
	at org.eclipse.jetty.server.handler.ContextHandler.doHandle(ContextHandler.java:1435)
	at org.eclipse.jetty.server.handler.ScopedHandler.nextScope(ScopedHandler.java:188)
	at org.eclipse.jetty.servlet.ServletHandler.doScope(ServletHandler.java:501)
	at org.eclipse.jetty.server.session.SessionHandler.doScope(SessionHandler.java:1594)
	at org.eclipse.jetty.server.handler.ScopedHandler.nextScope(ScopedHandler.java:186)
	at org.eclipse.jetty.server.handler.ContextHandler.doScope(ContextHandler.java:1350)
	at org.eclipse.jetty.server.handler.ScopedHandler.handle(ScopedHandler.java:141)
	at org.eclipse.jetty.server.handler.HandlerWrapper.handle(HandlerWrapper.java:127)
	at org.eclipse.jetty.server.Server.handle(Server.java:516)
	at org.eclipse.jetty.server.HttpChannel.lambda$handle$1(HttpChannel.java:388)
	at org.eclipse.jetty.server.HttpChannel.dispatch(HttpChannel.java:633)
	at org.eclipse.jetty.server.HttpChannel.handle(HttpChannel.java:380)
	at org.eclipse.jetty.server.HttpConnection.onFillable(HttpConnection.java:277)
	at org.eclipse.jetty.io.AbstractConnection$ReadCallback.succeeded(AbstractConnection.java:311)
	at org.eclipse.jetty.io.FillInterest.fillable(FillInterest.java:105)
	at org.eclipse.jetty.io.ChannelEndPoint$1.run(ChannelEndPoint.java:104)
	at org.eclipse.jetty.util.thread.QueuedThreadPool.runJob(QueuedThreadPool.java:882)
	at org.eclipse.jetty.util.thread.QueuedThreadPool$Runner.run(QueuedThreadPool.java:1036)
	at java.lang.Thread.run(Thread.java:750)
Caused: javax.servlet.ServletException
	at org.kohsuke.stapler.Facet$1.dispatch(Facet.java:249)
	at org.kohsuke.stapler.Stapler.tryInvoke(Stapler.java:766)
	at org.kohsuke.stapler.Stapler.invoke(Stapler.java:898)
	at org.kohsuke.stapler.Stapler.invoke(Stapler.java:694)
	at org.kohsuke.stapler.Stapler.service(Stapler.java:240)
	at javax.servlet.http.HttpServlet.service(HttpServlet.java:790)
	at org.eclipse.jetty.servlet.ServletHolder.handle(ServletHolder.java:799)
	at org.eclipse.jetty.servlet.ServletHandler$ChainEnd.doFilter(ServletHandler.java:1626)
	at hudson.util.PluginServletFilter$1.doFilter(PluginServletFilter.java:154)
	at jenkins.security.ResourceDomainFilter.doFilter(ResourceDomainFilter.java:76)
	at hudson.util.PluginServletFilter$1.doFilter(PluginServletFilter.java:151)
	at jenkins.telemetry.impl.UserLanguages$AcceptLanguageFilter.doFilter(UserLanguages.java:129)
	at hudson.util.PluginServletFilter$1.doFilter(PluginServletFilter.java:151)
	at hudson.util.PluginServletFilter.doFilter(PluginServletFilter.java:157)
	at org.eclipse.jetty.servlet.FilterHolder.doFilter(FilterHolder.java:193)
	at org.eclipse.jetty.servlet.ServletHandler$Chain.doFilter(ServletHandler.java:1601)
	at hudson.security.csrf.CrumbFilter.doFilter(CrumbFilter.java:159)
	at org.eclipse.jetty.servlet.FilterHolder.doFilter(FilterHolder.java:193)
	at org.eclipse.jetty.servlet.ServletHandler$Chain.doFilter(ServletHandler.java:1601)
	at hudson.security.ChainedServletFilter$1.doFilter(ChainedServletFilter.java:92)
	at hudson.security.ChainedServletFilter.doFilter(ChainedServletFilter.java:109)
	at hudson.security.HudsonFilter.doFilter(HudsonFilter.java:168)
	at org.eclipse.jetty.servlet.FilterHolder.doFilter(FilterHolder.java:193)
	at org.eclipse.jetty.servlet.ServletHandler$Chain.doFilter(ServletHandler.java:1601)
	at org.kohsuke.stapler.compression.CompressionFilter.doFilter(CompressionFilter.java:51)
	at org.eclipse.jetty.servlet.FilterHolder.doFilter(FilterHolder.java:193)
	at org.eclipse.jetty.servlet.ServletHandler$Chain.doFilter(ServletHandler.java:1601)
	at hudson.util.CharacterEncodingFilter.doFilter(CharacterEncodingFilter.java:82)
	at org.eclipse.jetty.servlet.FilterHolder.doFilter(FilterHolder.java:193)
	at org.eclipse.jetty.servlet.ServletHandler$Chain.doFilter(ServletHandler.java:1601)
	at org.kohsuke.stapler.DiagnosticThreadNameFilter.doFilter(DiagnosticThreadNameFilter.java:30)
	at org.eclipse.jetty.servlet.FilterHolder.doFilter(FilterHolder.java:193)
	at org.eclipse.jetty.servlet.ServletHandler$Chain.doFilter(ServletHandler.java:1601)
	at jenkins.security.SuspiciousRequestFilter.doFilter(SuspiciousRequestFilter.java:36)
	at org.eclipse.jetty.servlet.FilterHolder.doFilter(FilterHolder.java:193)
	at org.eclipse.jetty.servlet.ServletHandler$Chain.doFilter(ServletHandler.java:1601)
	at org.eclipse.jetty.servlet.ServletHandler.doHandle(ServletHandler.java:548)
	at org.eclipse.jetty.server.handler.ScopedHandler.handle(ScopedHandler.java:143)
	at org.eclipse.jetty.security.SecurityHandler.handle(SecurityHandler.java:578)
	at org.eclipse.jetty.server.handler.HandlerWrapper.handle(HandlerWrapper.java:127)
	at org.eclipse.jetty.server.handler.ScopedHandler.nextHandle(ScopedHandler.java:235)
	at org.eclipse.jetty.server.session.SessionHandler.doHandle(SessionHandler.java:1624)
	at org.eclipse.jetty.server.handler.ScopedHandler.nextHandle(ScopedHandler.java:233)
	at org.eclipse.jetty.server.handler.ContextHandler.doHandle(ContextHandler.java:1435)
	at org.eclipse.jetty.server.handler.ScopedHandler.nextScope(ScopedHandler.java:188)
	at org.eclipse.jetty.servlet.ServletHandler.doScope(ServletHandler.java:501)
	at org.eclipse.jetty.server.session.SessionHandler.doScope(SessionHandler.java:1594)
	at org.eclipse.jetty.server.handler.ScopedHandler.nextScope(ScopedHandler.java:186)
	at org.eclipse.jetty.server.handler.ContextHandler.doScope(ContextHandler.java:1350)
	at org.eclipse.jetty.server.handler.ScopedHandler.handle(ScopedHandler.java:141)
	at org.eclipse.jetty.server.handler.HandlerWrapper.handle(HandlerWrapper.java:127)
	at org.eclipse.jetty.server.Server.handle(Server.java:516)
	at org.eclipse.jetty.server.HttpChannel.lambda$handle$1(HttpChannel.java:388)
	at org.eclipse.jetty.server.HttpChannel.dispatch(HttpChannel.java:633)
	at org.eclipse.jetty.server.HttpChannel.handle(HttpChannel.java:380)
	at org.eclipse.jetty.server.HttpConnection.onFillable(HttpConnection.java:277)
	at org.eclipse.jetty.io.AbstractConnection$ReadCallback.succeeded(AbstractConnection.java:311)
	at org.eclipse.jetty.io.FillInterest.fillable(FillInterest.java:105)
	at org.eclipse.jetty.io.ChannelEndPoint$1.run(ChannelEndPoint.java:104)
	at org.eclipse.jetty.util.thread.QueuedThreadPool.runJob(QueuedThreadPool.java:882)
	at org.eclipse.jetty.util.thread.QueuedThreadPool$Runner.run(QueuedThreadPool.java:1036)
	at java.lang.Thread.run(Thread.java:750)
  15.575 [id=367]	INFO	c.g.htmlunit.WebClient#printContentIfNecessary: statusCode=[500] contentType=[text/html]
  15.581 [id=367]	INFO	c.g.htmlunit.WebClient#printContentIfNecessary: 
  
  <!DOCTYPE html><html class=""><head resURL="/jenkins/static/217883e8" data-rooturl="/jenkins" data-resurl="/jenkins/static/217883e8" data-extensions-available="true" data-unit-test="true" data-imagesurl="/jenkins/static/217883e8/images" data-crumb-header="Jenkins-Crumb" data-crumb-value="test">
    
    

    <title>Configure System [Jenkins]</title><link rel="stylesheet" href="/jenkins/static/217883e8/jsbundles/base-styles-v2.css" type="text/css"><link rel="stylesheet" href="/jenkins/static/217883e8/css/color.css" type="text/css"><link rel="stylesheet" href="/jenkins/static/217883e8/css/responsive-grid.css" type="text/css"><link rel="shortcut icon" href="/jenkins/static/217883e8/favicon.ico" type="image/vnd.microsoft.icon"><link color="black" rel="mask-icon" href="/jenkins/images/mask-icon.svg"><script src="/jenkins/static/217883e8/scripts/prototype.js" type="text/javascript"></script><script src="/jenkins/static/217883e8/scripts/behavior.js" type="text/javascript"></script><script src='/jenkins/adjuncts/217883e8/org/kohsuke/stapler/bind.js' type='text/javascript'></script><script src="/jenkins/static/217883e8/scripts/yui/yahoo/yahoo-debug.js"></script><script src="/jenkins/static/217883e8/scripts/yui/dom/dom-debug.js"></script><script src="/jenkins/static/217883e8/scripts/yui/event/event-debug.js"></script><script src="/jenkins/static/217883e8/scripts/yui/logger/logger-debug.js"></script><script src="/jenkins/static/217883e8/scripts/yui/animation/animation-debug.js"></script><script src="/jenkins/static/217883e8/scripts/yui/dragdrop/dragdrop-debug.js"></script><script src="/jenkins/static/217883e8/scripts/yui/container/container-debug.js"></script><script src="/jenkins/static/217883e8/scripts/yui/connection/connection-debug.js"></script><script src="/jenkins/static/217883e8/scripts/yui/datasource/datasource-debug.js"></script><script src="/jenkins/static/217883e8/scripts/yui/autocomplete/autocomplete-debug.js"></script><script src="/jenkins/static/217883e8/scripts/yui/menu/menu-debug.js"></script><script src="/jenkins/static/217883e8/scripts/yui/element/element-debug.js"></script><script src="/jenkins/static/217883e8/scripts/yui/button/button-debug.js"></script><script src="/jenkins/static/217883e8/scripts/yui/storage/storage-debug.js"></script><script src="/jenkins/static/217883e8/scripts/polyfills.js" type="text/javascript"></script><script src="/jenkins/static/217883e8/scripts/hudson-behavior.js" type="text/javascript"></script><script src="/jenkins/static/217883e8/scripts/sortable.js" type="text/javascript"></script><link rel="stylesheet" href="/jenkins/static/217883e8/scripts/yui/container/assets/container.css" type="text/css"><link rel="stylesheet" href="/jenkins/static/217883e8/scripts/yui/container/assets/skins/sam/container.css" type="text/css"><link rel="stylesheet" href="/jenkins/static/217883e8/scripts/yui/menu/assets/skins/sam/menu.css" type="text/css"><link rel="stylesheet" href="/jenkins/static/217883e8/jsbundles/ui-refresh-overrides.css" type="text/css"><link rel="search" href="/jenkins/opensearch.xml" type="application/opensearchdescription+xml" title="Jenkins"><meta name="ROBOTS" content="INDEX,NOFOLLOW"><meta name="viewport" content="width=device-width, initial-scale=1"><link rel="alternate" href="/jenkins/rssAll" title="Jenkins:all (all builds)" type="application/atom+xml"><link rel="alternate" href="/jenkins/rssAll?flavor=rss20" title="Jenkins:all (all builds) (RSS 2.0)" type="application/rss+xml"><link rel="alternate" href="/jenkins/rssFailed" title="Jenkins:all (failed builds)" type="application/atom+xml"><link rel="alternate" href="/jenkins/rssFailed?flavor=rss20" title="Jenkins:all (failed builds) (RSS 2.0)" type="application/rss+xml"><link rel='stylesheet' href='/jenkins/adjuncts/217883e8/lib/form/breadcrumb-config-outline/init.css' type='text/css' /><script src='/jenkins/adjuncts/217883e8/lib/form/breadcrumb-config-outline/init.js' type='text/javascript'></script><script src="/jenkins/static/217883e8/jsbundles/vendors.js" type="text/javascript"></script><script src="/jenkins/static/217883e8/jsbundles/page-init.js" type="text/javascript"></script><script src="/jenkins/static/217883e8/jsbundles/sortable-drag-drop.js" type="text/javascript"></script></head><body data-model-type="hudson.model.Hudson" id="jenkins" class="yui-skin-sam two-column jenkins-2.277.1" data-version="2.277.1"><a href="#skip2content" class="skiplink">Skip to content</a><div id="page-head"><header id="header" class="page-header"><div class="page-header__brand"><div class="logo"><a id="jenkins-home-link" href="/jenkins/"><img src="/jenkins/static/217883e8/images/jenkins-header-logo-v2.svg" alt="[Jenkins]" id="jenkins-head-icon"><img src="/jenkins/static/217883e8/images/title.png" alt="Jenkins" width="139" id="jenkins-name-icon" height="34"></a></div><a href="/jenkins/" class="page-header__brand-link"><img src="/jenkins/static/217883e8/images/jenkins-header-logo-v2.svg" alt="[Jenkins]" class="page-header__brand-image"><span class="page-header__brand-name">Jenkins</span></a></div><div class="searchbox hidden-xs"><form role="search" method="get" name="search" action="/jenkins/search/" style="position:relative;" class="no-json"><div id="search-box-sizer"></div><div id="searchform"><input role="searchbox" name="q" placeholder="search" id="search-box" class="main-search__input"><span class="main-search__icon-leading"><svg viewBox="0 0 24 24" focusable="false" class="svg-icon "><use href="/jenkins/static/217883e8/images/material-icons/svg-sprite-action-symbol.svg#ic_search_24px"></use></svg></span><a href="https://jenkins.io/redirect/search-box" class="main-search__icon-trailing"><svg viewBox="0 0 24 24" focusable="false" class="svg-icon "><use href="/jenkins/static/217883e8/images/material-icons/svg-sprite-action-symbol.svg#ic_help_outline_24px"></use></svg></a><div id="search-box-completion"></div><script>createSearchBox("/jenkins/search/");</script></div></form></div><div class="login page-header__hyperlinks"><div id="visible-am-insertion" class="page-header__am-wrapper"></div><div id="visible-sec-am-insertion" class="page-header__am-wrapper"></div></div></header><div id="breadcrumbBar"><tr id="top-nav"><td id="left-top-nav" colspan="2"><link rel='stylesheet' href='/jenkins/adjuncts/217883e8/lib/layout/breadcrumbs.css' type='text/css' /><script src='/jenkins/adjuncts/217883e8/lib/layout/breadcrumbs.js' type='text/javascript'></script><div class="top-sticker noedge"><div class="top-sticker-inner"><div class="breadcrumbs__wrapper"><ul id="breadcrumbs"><li class="item"><a href="/jenkins/" class="model-link inside">Dashboard</a></li><li href="/jenkins/" class="children"></li><li id="inpage-nav" class="item"><a class="model-link inside">configuration</a></li></ul><div id="breadcrumb-menu-target"></div></div></div></div></td></tr></div></div><div id="page-body" class="clear"><div id="side-panel"><div id="tasks"><div class="task "><span class="task-link-wrapper "><a href="/jenkins/view/all/newJob" title="New Item" class="task-link "><span class="task-icon-link"><img src="/jenkins/static/217883e8/images/24x24/new-package.png" alt="" style="width: 24px; height: 24px; " class="icon-new-package icon-md"></span><span class="task-link-text">New Item</span></a></span></div><div class="task "><span class="task-link-wrapper "><a href="/jenkins/asynchPeople/" title="People" class="task-link "><span class="task-icon-link"><img src="/jenkins/static/217883e8/images/24x24/user.png" alt="" style="width: 24px; height: 24px; " class="icon-user icon-md"></span><span class="task-link-text">People</span></a></span></div><div class="task "><span class="task-link-wrapper "><a href="/jenkins/view/all/builds" title="Build History" class="task-link "><span class="task-icon-link"><img src="/jenkins/static/217883e8/images/24x24/notepad.png" alt="" style="width: 24px; height: 24px; " class="icon-notepad icon-md"></span><span class="task-link-text">Build History</span></a></span></div><div class="task "><span class="task-link-wrapper "><a href="/jenkins/manage" title="Manage Jenkins" class="task-link "><span class="task-icon-link"><img src="/jenkins/static/217883e8/images/24x24/gear2.png" alt="" style="width: 24px; height: 24px; " class="icon-gear2 icon-md"></span><span class="task-link-text">Manage Jenkins</span></a></span></div><div class="task "><span class="task-link-wrapper "><a href="http://localhost:50561/jenkins/newView" title="New View" class="task-link "><span class="task-icon-link"><img src="/jenkins/static/217883e8/plugin/cloudbees-folder/images/24x24/folder.png" alt="" style="width: 24px; height: 24px; " class="icon-folder icon-md"></span><span class="task-link-text">New View</span></a></span></div></div><div id="buildQueue" class="container-fluid pane-frame track-mouse expanded"><div class="row"><div class="col-xs-24 pane-header"><span class="pane-header-title">Build Queue</span><a href="/jenkins/toggleCollapse?paneId=buildQueue" title="collapse" class="collapse"><svg viewBox="0 0 24 24" focusable="false" class="svg-icon "><use href="/jenkins/static/217883e8/images/material-icons/svg-sprite-navigation-symbol.svg#ic_expand_less_24px"></use></svg></a></div></div><div class="row pane-content"><table class="pane "><script src='/jenkins/adjuncts/217883e8/lib/form/link/link.js' type='text/javascript'></script><tr><td class="pane" colspan="2">No builds in the queue.</td></tr></table></div></div><script defer="defer">refreshPart('buildQueue',"/jenkins/ajaxBuildQueue");</script><div id="executors" class="container-fluid pane-frame track-mouse expanded"><div class="row"><div class="col-xs-24 pane-header"><span class="pane-header-title"><a href='/jenkins/computer/'>Build Executor Status</a></span><a href="/jenkins/toggleCollapse?paneId=executors" title="collapse" class="collapse"><svg viewBox="0 0 24 24" focusable="false" class="svg-icon "><use href="/jenkins/static/217883e8/images/material-icons/svg-sprite-navigation-symbol.svg#ic_expand_less_24px"></use></svg></a></div></div><div class="row pane-content"><table class="pane "><colgroup><col width="30"><col width="200*"><col width="24"></colgroup><tr></tr><tr><td class="pane" align="right" style="vertical-align: top">1</td><td class="pane">Idle</td><td class="pane"></td><td class="pane"></td></tr><tr><td class="pane" align="right" style="vertical-align: top">2</td><td class="pane">Idle</td><td class="pane"></td><td class="pane"></td></tr></table></div></div><script defer="defer">refreshPart('executors',"/jenkins/ajaxExecutors");</script><div id="yui-logreader" style="margin-top:1em"></div></div><div id="main-panel"><a name="skip2content"></a><div class="behavior-loading">LOADING</div><form method="post" autocomplete="off" name="config" action="configSubmit"><div width="100%"><div class="tr form-group"><div class="setting-name help-sibling">Home directory<span class="setting-help"><a helpURL="/jenkins/help/system-config/homeDirectory.html" href="#" class="help-button"><svg viewBox="0 0 24 24" tooltip="Help for feature: Home directory" focusable="false" class="svg-icon icon-help "><use href="/jenkins/static/217883e8/images/material-icons/svg-sprite-action-symbol.svg#ic_help_24px"></use></svg></a></span></div><div class="setting-main">D:\WorkArea\Plugins\folder-tear-down\target\tmp\j h254004680732481625</div><div class="validation-error-area tr"><div colspan="2"></div><div></div><div></div></div><div class="help-area tr"><div class="help">Loading...</div></div></div><div class="tr form-group"><div class="setting-name help-sibling">System Message<span class="setting-help"><a helpURL="/jenkins/help/system-config/systemMessage.html" href="#" class="help-button"><svg viewBox="0 0 24 24" tooltip="Help for feature: System Message" focusable="false" class="svg-icon icon-help "><use href="/jenkins/static/217883e8/images/material-icons/svg-sprite-action-symbol.svg#ic_help_24px"></use></svg></a></span></div><div class="setting-main"><link rel='stylesheet' href='/jenkins/adjuncts/217883e8/lib/form/textarea/textarea.css' type='text/css' /><script src='/jenkins/adjuncts/217883e8/lib/form/textarea/textarea.js' type='text/javascript'></script><textarea name="system_message" rows="5" class="setting-input   "></textarea><div class="textarea-handle"></div><div class="textarea-preview-container">
        [Plain text] <a previewEndpoint="/markupFormatter/previewDescription" href="#" class="textarea-show-preview">Preview</a> <a href="#" class="textarea-hide-preview">Hide preview</a><div class="textarea-preview"></div></div></div><div class="validation-error-area tr"><div colspan="2"></div><div></div><div></div></div><div class="help-area tr"><div class="help">Loading...</div></div></div><div class="rowSet-container"><div name="jenkins-model-MasterBuildConfiguration" style="display:none" class="row-set-start row-group-start tr"></div><div class="form-container tr"><div class="tr form-group"><div class="setting-name help-sibling"># of executors<span class="setting-no-help"></span></div><div class="setting-main"><input step="1" min="0" name="_.numExecutors" type="number" class="setting-input  non-negative-number-required" value="2"></div><div class="validation-error-area tr"><div colspan="2"></div><div></div><div></div></div></div><div class="tr form-group"><div class="setting-name help-sibling">Labels<span class="setting-no-help"></span></div><div class="setting-main">
   

  
  <input name="_.labelString" type="text" class="setting-input   " value=""></div><div class="validation-error-area tr"><div colspan="2"></div><div></div><div></div></div></div><div class="tr form-group"><div class="setting-name help-sibling">Usage<span class="setting-help"><a helpURL="/jenkins/help/system-config/master-slave/usage.html" href="#" class="help-button"><svg viewBox="0 0 24 24" tooltip="Help for feature: Usage" focusable="false" class="svg-icon icon-help "><use href="/jenkins/static/217883e8/images/material-icons/svg-sprite-action-symbol.svg#ic_help_24px"></use></svg></a></span></div><div class="setting-main"><select name="master.mode" class="setting-input"><option value="NORMAL" selected="true">Use this node as much as possible</option><option value="EXCLUSIVE">Only build jobs with label expressions matching this node</option></select></div><div class="validation-error-area tr"><div colspan="2"></div><div></div><div></div></div><div class="help-area tr"><div class="help">Loading...</div></div></div></div><div class="row-set-end row-group-end tr"></div></div><div class="rowSet-container"><div name="jenkins-model-GlobalQuietPeriodConfiguration" style="display:none" class="row-set-start row-group-start tr"></div><div class="form-container tr"><div class="tr form-group"><div class="setting-name help-sibling">Quiet period<span class="setting-help"><a helpURL="/jenkins/descriptor/jenkins.model.GlobalQuietPeriodConfiguration/help/quietPeriod" href="#" class="help-button"><svg viewBox="0 0 24 24" tooltip="Help for feature: Quiet period" focusable="false" class="svg-icon icon-help "><use href="/jenkins/static/217883e8/images/material-icons/svg-sprite-action-symbol.svg#ic_help_24px"></use></svg></a></span></div><div class="setting-main"><input min="0" name="_.quietPeriod" type="number" class="setting-input  number" value="5"></div><div class="validation-error-area tr"><div colspan="2"></div><div></div><div></div></div><div class="help-area tr"><div class="help">Loading...</div></div></div></div><div class="row-set-end row-group-end tr"></div></div><div class="rowSet-container"><div name="jenkins-model-GlobalSCMRetryCountConfiguration" style="display:none" class="row-set-start row-group-start tr"></div><div class="form-container tr"><div class="tr form-group"><div class="setting-name help-sibling">SCM checkout retry count<span class="setting-no-help"></span></div><div class="setting-main"><input min="0" name="_.scmCheckoutRetryCount" type="number" class="setting-input  number" value="0"></div><div class="validation-error-area tr"><div colspan="2"></div><div></div><div></div></div></div></div><div class="row-set-end row-group-end tr"></div></div><div class="rowSet-container"><div name="hudson-views-ViewsTabBar$GlobalConfigurationImpl" style="display:none" class="row-set-start row-group-start tr"></div><div class="form-container tr"></div><div class="row-set-end row-group-end tr"></div></div><div class="rowSet-container"><div name="hudson-views-MyViewsTabBar$GlobalConfigurationImpl" style="display:none" class="row-set-start row-group-start tr"></div><div class="form-container tr"></div><div class="row-set-end row-group-end tr"></div></div><div class="rowSet-container"><div name="hudson-views-GlobalDefaultViewConfiguration" style="display:none" class="row-set-start row-group-start tr"></div><div class="form-container tr"></div><div class="row-set-end row-group-end tr"></div></div><div class="rowSet-container"><div name="jenkins-model-GlobalProjectNamingStrategyConfiguration" style="display:none" class="row-set-start row-group-start tr"></div><div class="form-container tr"><div class="optionalBlock-container"><div class="help-sibling tr optional-block-start row-group-start row-set-start" hasHelp="false"><div colspan="3"><input onclick="javascript:updateOptionalBlock(this,true)" name="_.useProjectNamingStrategy" type="checkbox" class="optional-block-control block-control  "><label class="attach-previous setting-checkbox ">Restrict project naming</label><span class="setting-no-help"></span></div></div><div class="rowvg-start tr"></div><div class="form-container tr"><div class="tr form-group"><div class="setting-name help-sibling">Naming Strategy<span class="setting-no-help"></span></div><div class="setting-main"><div style="width:100%"><link rel='stylesheet' href='/jenkins/adjuncts/217883e8/lib/form/section_.css' type='text/css' /><script src='/jenkins/adjuncts/217883e8/lib/form/section_.js' type='text/javascript'></script><div class="rowSet-container"><div class="tr"><div colspan="4"><div class="section-header">Strategy</div></div></div><script src='/jenkins/adjuncts/217883e8/lib/form/radioBlock/radioBlock.js' type='text/javascript'></script><div class="radioBlock-container"><div class="tr help-sibling radio-block-start row-group-start row-set-start" hasHelp="true"><div colspan="3"><label><input name="namingStrategy" checked="true" type="radio" value="0" class="radio-block-control block-control">
          Default
        </label><span class="setting-help"><a helpURL="/jenkins/help/system-config/defaultJobNamingStrategy.html" href="#" class="help-button"><svg viewBox="0 0 24 24" tooltip="Help for feature: Default" focusable="false" class="svg-icon icon-help "><use href="/jenkins/static/217883e8/images/material-icons/svg-sprite-action-symbol.svg#ic_help_24px"></use></svg></a></span></div></div><div class="help-area tr"><div class="help">Loading...</div></div><div class="form-container tr"><div style="display:none" class="tr"><div><input name="stapler-class" type="hidden" value="jenkins.model.ProjectNamingStrategy$DefaultProjectNamingStrategy"><input name="$class" type="hidden" value="jenkins.model.ProjectNamingStrategy$DefaultProjectNamingStrategy"></div></div></div><div style="display:none" class="tr row-set-end radio-block-end row-group-end"></div></div><div class="radioBlock-container"><div class="tr help-sibling radio-block-start row-group-start row-set-start" hasHelp="true"><div colspan="3"><label><input name="namingStrategy" type="radio" value="1" class="radio-block-control block-control">
          Pattern
        </label><span class="setting-help"><a helpURL="/jenkins/help/system-config/patternJobNamingStrategy.html" href="#" class="help-button"><svg viewBox="0 0 24 24" tooltip="Help for feature: Pattern" focusable="false" class="svg-icon icon-help "><use href="/jenkins/static/217883e8/images/material-icons/svg-sprite-action-symbol.svg#ic_help_24px"></use></svg></a></span></div></div><div class="help-area tr"><div class="help">Loading...</div></div><div class="form-container tr"><div style="display:none" class="tr"><div><input name="stapler-class" type="hidden" value="jenkins.model.ProjectNamingStrategy$PatternProjectNamingStrategy"><input name="$class" type="hidden" value="jenkins.model.ProjectNamingStrategy$PatternProjectNamingStrategy"></div></div><div class="tr form-group"><div class="setting-name help-sibling">Name Pattern<span class="setting-no-help"></span></div><div class="setting-main">
   

  
  <input checkDependsOn="" checkUrl="/jenkins/descriptorByName/jenkins.model.ProjectNamingStrategy$PatternProjectNamingStrategy/checkNamePattern" name="_.namePattern" type="text" class="setting-input validated  " value=".*"></div><div class="validation-error-area tr"><div colspan="2"></div><div></div><div></div></div></div><div class="tr form-group"><div class="setting-name help-sibling">Description<span class="setting-help"><a helpURL="/jenkins/descriptor/jenkins.model.ProjectNamingStrategy$PatternProjectNamingStrategy/help/description" href="#" class="help-button"><svg viewBox="0 0 24 24" tooltip="Help for feature: Description" focusable="false" class="svg-icon icon-help "><use href="/jenkins/static/217883e8/images/material-icons/svg-sprite-action-symbol.svg#ic_help_24px"></use></svg></a></span></div><div class="setting-main">
   

  
  <input name="_.description" type="text" class="setting-input   " value=""></div><div class="validation-error-area tr"><div colspan="2"></div><div></div><div></div></div><div class="help-area tr"><div class="help">Loading...</div></div></div><div class="tr form-group"><div class="setting-main help-sibling"><input name="_.forceExistingJobs" type="checkbox" class="  "><label class="attach-previous setting-checkbox ">force existing</label><span class="setting-no-help"></span></div><div class="validation-error-area tr"><div colspan="2"></div><div></div><div></div></div><div class="help-area tr"><div class="help">Loading...</div></div></div></div><div style="display:none" class="tr row-set-end radio-block-end row-group-end"></div></div></div></div></div><div class="validation-error-area tr"><div colspan="2"></div><div></div><div></div></div></div></div><div class="tr row-set-end rowvg-end optional-block-end row-group-end"></div></div></div><div class="row-set-end row-group-end tr"></div></div><div class="rowSet-container"><div name="jenkins-model-JenkinsLocationConfiguration" style="display:none" class="row-set-start row-group-start tr"></div><div class="form-container tr"><div class="rowSet-container"><div class="tr"><div colspan="4"><div class="section-header">Jenkins Location</div></div></div><div class="tr form-group"><div class="setting-name help-sibling">Jenkins URL<span class="setting-help"><a helpURL="/jenkins/descriptor/jenkins.model.JenkinsLocationConfiguration/help/url" href="#" class="help-button"><svg viewBox="0 0 24 24" tooltip="Help for feature: Jenkins URL" focusable="false" class="svg-icon icon-help "><use href="/jenkins/static/217883e8/images/material-icons/svg-sprite-action-symbol.svg#ic_help_24px"></use></svg></a></span></div><div class="setting-main">
   

  
  <input checkDependsOn="" default="http://localhost:50561/jenkins/" checkUrl="/jenkins/descriptorByName/jenkins.model.JenkinsLocationConfiguration/checkUrl" name="_.url" type="text" class="setting-input validated  " value="http://localhost:50561/jenkins/"></div><div class="validation-error-area tr"><div colspan="2"></div><div></div><div></div></div><div class="help-area tr"><div class="help">Loading...</div></div></div><div class="tr form-group"><div class="setting-name help-sibling">System Admin e-mail address<span class="setting-help"><a helpURL="/jenkins/descriptor/jenkins.model.JenkinsLocationConfiguration/help/adminAddress" href="#" class="help-button"><svg viewBox="0 0 24 24" tooltip="Help for feature: System Admin e-mail address" focusable="false" class="svg-icon icon-help "><use href="/jenkins/static/217883e8/images/material-icons/svg-sprite-action-symbol.svg#ic_help_24px"></use></svg></a></span></div><div class="setting-main">
   

  
  <input checkDependsOn="" checkUrl="/jenkins/descriptorByName/jenkins.model.JenkinsLocationConfiguration/checkAdminAddress" name="_.adminAddress" type="text" class="setting-input validated  " value="address not configured yet &lt;nobody@nowhere&gt;"></div><div class="validation-error-area tr"><div colspan="2"></div><div></div><div></div></div><div class="help-area tr"><div class="help">Loading...</div></div></div></div></div><div class="row-set-end row-group-end tr"></div></div><div class="rowSet-container"><div name="jenkins-security-ResourceDomainConfiguration" style="display:none" class="row-set-start row-group-start tr"></div><div class="form-container tr"><div class="rowSet-container"><div class="tr"><div colspan="4"><div class="section-header">Serve resource files from another domain</div></div></div><div class="tr form-group"><div class="setting-name help-sibling">Resource Root URL<span class="setting-help"><a helpURL="/jenkins/descriptor/jenkins.security.ResourceDomainConfiguration/help/url" href="#" class="help-button"><svg viewBox="0 0 24 24" tooltip="Help for feature: Resource Root URL" focusable="false" class="svg-icon icon-help "><use href="/jenkins/static/217883e8/images/material-icons/svg-sprite-action-symbol.svg#ic_help_24px"></use></svg></a></span></div><div class="setting-main">
   

  
  <input checkDependsOn="url" checkMethod="post" checkUrl="/jenkins/descriptorByName/jenkins.security.ResourceDomainConfiguration/checkUrl" name="_.url" type="text" class="setting-input validated  " value=""></div><div class="validation-error-area tr"><div colspan="2"></div><div></div><div></div></div><div class="help-area tr"><div class="help">Loading...</div></div></div></div></div><div class="row-set-end row-group-end tr"></div></div><div class="rowSet-container"><div name="jenkins-model-GlobalNodePropertiesConfiguration" style="display:none" class="row-set-start row-group-start tr"></div><div class="form-container tr"><div class="rowSet-container"><div name="globalNodeProperties" style="display:none" class="row-set-start row-group-start tr"></div><div class="form-container tr"><div class="tr"><div colspan="4"><div class="section-header">Global properties</div></div></div><div class="optionalBlock-container"><div class="help-sibling tr optional-block-start row-group-start row-set-start" hasHelp="false"><div colspan="3"><input onclick="javascript:updateOptionalBlock(this,true)" name="hudson-slaves-EnvironmentVariablesNodeProperty" type="checkbox" class="optional-block-control block-control  "><label class="attach-previous setting-checkbox ">Environment variables</label><span class="setting-no-help"></span></div></div><div class="rowvg-start tr"></div><div class="form-container tr"><div class="tr form-group"><div class="setting-name help-sibling">List of variables<span class="setting-help"><a helpURL="/jenkins/help/system-config/globalEnvironmentVariables.html" href="#" class="help-button"><svg viewBox="0 0 24 24" tooltip="Help for feature: List of variables" focusable="false" class="svg-icon icon-help "><use href="/jenkins/static/217883e8/images/material-icons/svg-sprite-action-symbol.svg#ic_help_24px"></use></svg></a></span></div><div class="setting-main"><script src='/jenkins/adjuncts/217883e8/lib/form/repeatable/repeatable.js' type='text/javascript'></script><div class="repeated-container"><div name="env" class="repeated-chunk to-be-removed"><table width="100%"><div class="tr form-group"><div class="setting-name help-sibling">Name<span class="setting-no-help"></span></div><div class="setting-main">
   

  
  <input name="env.key" type="text" class="setting-input   " value=""></div><div class="validation-error-area tr"><div colspan="2"></div><div></div><div></div></div></div><div class="tr form-group"><div class="setting-name help-sibling">Value<span class="setting-no-help"></span></div><div class="setting-main">
   

  
  <input name="env.value" type="text" class="setting-input   " value=""></div><div class="validation-error-area tr"><div colspan="2"></div><div></div><div></div></div></div><div class="tr form-group"><div class="setting-name help-sibling"><span class="setting-no-help"></span></div><div class="setting-main"><div align="right"><input type="button" title="Delete" value="Delete" class="repeatable-delete danger"></div></div><div class="validation-error-area tr"><div colspan="2"></div><div></div><div></div></div></div></table></div><div class="repeatable-insertion-point"></div><input type="button" value="Add" class="repeatable-add"></div></div><div class="validation-error-area tr"><div colspan="2"></div><div></div><div></div></div><div class="help-area tr"><div class="help">Loading...</div></div></div></div><div class="tr row-set-end rowvg-end optional-block-end row-group-end"></div></div><div class="optionalBlock-container"><div class="help-sibling tr optional-block-start row-group-start row-set-start" hasHelp="false"><div colspan="3"><input onclick="javascript:updateOptionalBlock(this,true)" name="hudson-tools-ToolLocationNodeProperty" type="checkbox" class="optional-block-control block-control  "><label class="attach-previous setting-checkbox ">Tool Locations</label><span class="setting-no-help"></span></div></div><div class="rowvg-start tr"></div><div class="form-container tr"><div class="tr form-group"><div class="setting-name help-sibling">List of tool locations<span class="setting-help"><a helpURL="/jenkins/help/tools/tool-location-node-property.html" href="#" class="help-button"><svg viewBox="0 0 24 24" tooltip="Help for feature: List of tool locations" focusable="false" class="svg-icon icon-help "><use href="/jenkins/static/217883e8/images/material-icons/svg-sprite-action-symbol.svg#ic_help_24px"></use></svg></a></span></div><div class="setting-main"><div class="repeated-container"><div name="locations" class="repeated-chunk to-be-removed"><table width="100%"><div class="tr form-group"><div class="setting-name help-sibling">Name<span class="setting-no-help"></span></div><div class="setting-main"><select class="setting-input" name="locations.key"><option value="hudson.model.JDK$DescriptorImpl@default">(JDK) default</option></select></div><div class="validation-error-area tr"><div colspan="2"></div><div></div><div></div></div></div><div class="tr form-group"><div class="setting-name help-sibling">Home<span class="setting-no-help"></span></div><div class="setting-main">
   

  
  <input name="locations.home" type="text" class="setting-input   " value=""></div><div class="validation-error-area tr"><div colspan="2"></div><div></div><div></div></div></div><div class="tr form-group"><div class="setting-name help-sibling"><span class="setting-no-help"></span></div><div class="setting-main"><div align="right"><input type="button" title="Delete" value="Delete" class="repeatable-delete danger"></div></div><div class="validation-error-area tr"><div colspan="2"></div><div></div><div></div></div></div></table></div><div class="repeatable-insertion-point"></div><input type="button" value="Add" class="repeatable-add"></div></div><div class="validation-error-area tr"><div colspan="2"></div><div></div><div></div></div><div class="help-area tr"><div class="help">Loading...</div></div></div></div><div class="tr row-set-end rowvg-end optional-block-end row-group-end"></div></div></div><div class="row-set-end row-group-end tr"></div></div></div><div class="row-set-end row-group-end tr"></div></div><div class="rowSet-container"><div name="jenkins-model-GlobalPluginConfiguration" style="display:none" class="row-set-start row-group-start tr"></div><div class="form-container tr"></div><div class="row-set-end row-group-end tr"></div></div><div class="rowSet-container"><div name="org-jenkinsci-plugins-workflow-flow-GlobalDefaultFlowDurabilityLevel" style="display:none" class="row-set-start row-group-start tr"></div><div class="form-container tr"><div class="rowSet-container"><div class="tr"><div colspan="4"><div class="section-header">Pipeline Speed/Durability Settings</div></div></div><div class="tr form-group"><div class="setting-name help-sibling">Pipeline Default Speed/Durability Level<span class="setting-help"><a helpURL="/jenkins/descriptor/org.jenkinsci.plugins.workflow.flow.GlobalDefaultFlowDurabilityLevel/help/durabilityHint" href="#" class="help-button"><svg viewBox="0 0 24 24" tooltip="Help for feature: Pipeline Default Speed/Durability Level" focusable="false" class="svg-icon icon-help "><use href="/jenkins/static/217883e8/images/material-icons/svg-sprite-action-symbol.svg#ic_help_24px"></use></svg></a></span></div><div class="setting-main"><select class="setting-input" name="durabilityHint"><option value="null" selected="true">None: use pipeline default (MAX_SURVIVABILITY)</option><option tooltip="Avoids writing data with every step, avoids atomic writes of data.  Pipelines can resume if Jenkins shuts down cleanly, but running pipelines lose step information and cannot resume if Jenkins unexpectedly fails." value="PERFORMANCE_OPTIMIZED">Performance-optimized: much faster (requires clean shutdown to save running pipelines)</option><option tooltip="Writes data with every step but avoids atomic writes. On some filesytems this is faster than maximum durability mode, but running pipeline data may be lost if disk writes are interrupted or fail." value="SURVIVABLE_NONATOMIC">Less durability, a bit faster (specialty use only)</option><option tooltip="Writes data with every step, using atomic writes for integrity.  Provides maximum ability to retain running pipeline data and resume in the event of a Jenkins failure." value="MAX_SURVIVABILITY">Maximum durability but slowest (previously the only option)</option></select></div><div class="validation-error-area tr"><div colspan="2"></div><div></div><div></div></div><div class="help-area tr"><div class="help">Loading...</div></div></div></div><br><br></div><div class="row-set-end row-group-end tr"></div></div><div class="rowSet-container"><div name="hudson-model-UsageStatistics" style="display:none" class="row-set-start row-group-start tr"></div><div class="form-container tr"><div class="rowSet-container"><div class="tr"><div colspan="4"><div class="section-header">Usage Statistics</div></div></div><div class="optionalBlock-container"><div class="help-sibling tr optional-block-start row-group-start row-set-start" hasHelp="true"><div colspan="3"><input onclick="javascript:updateOptionalBlock(this,true)" name="_.usageStatisticsCollected" type="checkbox" class="optional-block-control block-control  "><label class="attach-previous setting-checkbox ">Help make Jenkins better by sending anonymous usage statistics and crash reports to the Jenkins project.</label><span class="setting-help"><a helpURL="/jenkins/descriptor/hudson.model.UsageStatistics/help/usageStatisticsCollected" href="#" class="help-button"><svg viewBox="0 0 24 24" tooltip="Help for feature: Help make Jenkins better by sending anonymous usage statistics and crash reports to the Jenkins project." focusable="false" class="svg-icon icon-help "><use href="/jenkins/static/217883e8/images/material-icons/svg-sprite-action-symbol.svg#ic_help_24px"></use></svg></a></span></div></div><div class="help-area tr"><div class="help">Loading...</div></div><div class="rowvg-start tr"></div><div class="form-container tr"></div><div class="tr row-set-end rowvg-end optional-block-end row-group-end"></div></div></div></div><div class="row-set-end row-group-end tr"></div></div><div class="rowSet-container"><div name="com-cloudbees-hudson-plugins-folder-config-AbstractFolderConfiguration" style="display:none" class="row-set-start row-group-start tr"></div><div class="form-container tr"><div class="rowSet-container"><div class="tr"><div colspan="4"><div class="section-header">Folder</div></div></div><div class="tr form-group"><div class="setting-name help-sibling">Health Metrics<span class="setting-no-help"></span></div><div class="setting-main"><script src='/jenkins/adjuncts/217883e8/lib/form/hetero-list/hetero-list.js' type='text/javascript'></script><div class="hetero-list-container with-drag-drop one-each honor-order"><div class="repeatable-insertion-point"></div><div class="prototypes to-be-removed"><div descriptorId="com.cloudbees.hudson.plugins.folder.health.WorstChildHealthMetric" name="healthMetrics" title="Child item with worst health"><div style="width:100%"><div class="tr help-sibling"><div colspan="3"><div class="dd-handle"><b>Child item with worst health</b><span class="setting-no-help"></span></div></div></div><div class="render-on-demand config-page" proxy="makeStaplerProxy('/jenkins/$stapler/bound/64e11ea7-ca90-4943-b36e-1f0e29a71c78','test',['render'])"></div><div style="display:none" class="tr"><div><input name="stapler-class" type="hidden" value="com.cloudbees.hudson.plugins.folder.health.WorstChildHealthMetric"><input name="$class" type="hidden" value="com.cloudbees.hudson.plugins.folder.health.WorstChildHealthMetric"></div></div><div class="tr"><div colspan="4"><div align="right"><input type="button" title="Delete" value="Delete" class="repeatable-delete danger"></div></div></div></div></div><div descriptorId="jenkins.branch.PrimaryBranchHealthMetric" name="healthMetrics" title="Health of the primary branch of a repository"><div style="width:100%"><div class="tr help-sibling"><div colspan="3"><div class="dd-handle"><b>Health of the primary branch of a repository</b><span class="setting-help"><a helpURL="/jenkins/descriptor/jenkins.branch.PrimaryBranchHealthMetric/help" href="#" class="help-button"><svg viewBox="0 0 24 24" tooltip="[Help]" focusable="false" class="svg-icon icon-help "><use href="/jenkins/static/217883e8/images/material-icons/svg-sprite-action-symbol.svg#ic_help_24px"></use></svg></a></span></div></div></div><div class="help-area tr"><div class="help">Loading...</div></div><div class="render-on-demand config-page" proxy="makeStaplerProxy('/jenkins/$stapler/bound/bb687aad-bffa-41a5-8c05-f4762fa188cd','test',['render'])"></div><div style="display:none" class="tr"><div><input name="stapler-class" type="hidden" value="jenkins.branch.PrimaryBranchHealthMetric"><input name="$class" type="hidden" value="jenkins.branch.PrimaryBranchHealthMetric"></div></div><div class="tr"><div colspan="4"><div align="right"><input type="button" title="Delete" value="Delete" class="repeatable-delete danger"></div></div></div></div></div></div><div><input type="button" suffix="healthMetrics" value="Add" class="hetero-list-add"></div></div></div><div class="validation-error-area tr"><div colspan="2"></div><div></div><div></div></div><div class="tr"><div colspan="2"></div><div class="setting-description">List of default health metrics for Folders</div><div></div></div></div></div></div><div class="row-set-end row-group-end tr"></div></div><div class="rowSet-container">
  
  <!DOCTYPE html><html class=""><head resURL="/jenkins/static/217883e8" data-rooturl="/jenkins" data-resurl="/jenkins/static/217883e8" data-extensions-available="true" data-unit-test="true" data-imagesurl="/jenkins/static/217883e8/images" data-crumb-header="Jenkins-Crumb" data-crumb-value="test">
    
    

    <title>Jenkins [Jenkins]</title><link rel="stylesheet" href="/jenkins/static/217883e8/jsbundles/base-styles-v2.css" type="text/css"><link rel="stylesheet" href="/jenkins/static/217883e8/css/color.css" type="text/css"><link rel="stylesheet" href="/jenkins/static/217883e8/css/responsive-grid.css" type="text/css"><link rel="shortcut icon" href="/jenkins/static/217883e8/favicon.ico" type="image/vnd.microsoft.icon"><link color="black" rel="mask-icon" href="/jenkins/images/mask-icon.svg"><script src="/jenkins/static/217883e8/scripts/prototype.js" type="text/javascript"></script><script src="/jenkins/static/217883e8/scripts/behavior.js" type="text/javascript"></script><script src="/jenkins/static/217883e8/scripts/yui/yahoo/yahoo-debug.js"></script><script src="/jenkins/static/217883e8/scripts/yui/dom/dom-debug.js"></script><script src="/jenkins/static/217883e8/scripts/yui/event/event-debug.js"></script><script src="/jenkins/static/217883e8/scripts/yui/logger/logger-debug.js"></script><script src="/jenkins/static/217883e8/scripts/yui/animation/animation-debug.js"></script><script src="/jenkins/static/217883e8/scripts/yui/dragdrop/dragdrop-debug.js"></script><script src="/jenkins/static/217883e8/scripts/yui/container/container-debug.js"></script><script src="/jenkins/static/217883e8/scripts/yui/connection/connection-debug.js"></script><script src="/jenkins/static/217883e8/scripts/yui/datasource/datasource-debug.js"></script><script src="/jenkins/static/217883e8/scripts/yui/autocomplete/autocomplete-debug.js"></script><script src="/jenkins/static/217883e8/scripts/yui/menu/menu-debug.js"></script><script src="/jenkins/static/217883e8/scripts/yui/element/element-debug.js"></script><script src="/jenkins/static/217883e8/scripts/yui/button/button-debug.js"></script><script src="/jenkins/static/217883e8/scripts/yui/storage/storage-debug.js"></script><script src="/jenkins/static/217883e8/scripts/polyfills.js" type="text/javascript"></script><script src="/jenkins/static/217883e8/scripts/hudson-behavior.js" type="text/javascript"></script><script src="/jenkins/static/217883e8/scripts/sortable.js" type="text/javascript"></script><link rel="stylesheet" href="/jenkins/static/217883e8/scripts/yui/container/assets/container.css" type="text/css"><link rel="stylesheet" href="/jenkins/static/217883e8/scripts/yui/container/assets/skins/sam/container.css" type="text/css"><link rel="stylesheet" href="/jenkins/static/217883e8/scripts/yui/menu/assets/skins/sam/menu.css" type="text/css"><link rel="stylesheet" href="/jenkins/static/217883e8/jsbundles/ui-refresh-overrides.css" type="text/css"><link rel="search" href="/jenkins/opensearch.xml" type="application/opensearchdescription+xml" title="Jenkins"><meta name="ROBOTS" content="INDEX,NOFOLLOW"><meta name="viewport" content="width=device-width, initial-scale=1"><script src="/jenkins/static/217883e8/jsbundles/vendors.js" type="text/javascript"></script><script src="/jenkins/static/217883e8/jsbundles/page-init.js" type="text/javascript"></script><script src="/jenkins/static/217883e8/jsbundles/sortable-drag-drop.js" type="text/javascript"></script></head><body data-model-type="hudson.model.Hudson" id="jenkins" class="yui-skin-sam one-column jenkins-2.277.1" data-version="2.277.1"><a href="#skip2content" class="skiplink">Skip to content</a><div id="page-head"><header id="header" class="page-header"><div class="page-header__brand"><div class="logo"><a id="jenkins-home-link" href="/jenkins/"><img src="/jenkins/static/217883e8/images/jenkins-header-logo-v2.svg" alt="[Jenkins]" id="jenkins-head-icon"><img src="/jenkins/static/217883e8/images/title.png" alt="Jenkins" width="139" id="jenkins-name-icon" height="34"></a></div><a href="/jenkins/" class="page-header__brand-link"><img src="/jenkins/static/217883e8/images/jenkins-header-logo-v2.svg" alt="[Jenkins]" class="page-header__brand-image"><span class="page-header__brand-name">Jenkins</span></a></div><div class="searchbox hidden-xs"><form role="search" method="get" name="search" action="/jenkins/search/" style="position:relative;" class="no-json"><div id="search-box-sizer"></div><div id="searchform"><input role="searchbox" name="q" placeholder="search" id="search-box" class="main-search__input"><span class="main-search__icon-leading"><svg viewBox="0 0 24 24" focusable="false" class="svg-icon "><use href="/jenkins/static/217883e8/images/material-icons/svg-sprite-action-symbol.svg#ic_search_24px"></use></svg></span><a href="https://jenkins.io/redirect/search-box" class="main-search__icon-trailing"><svg viewBox="0 0 24 24" focusable="false" class="svg-icon "><use href="/jenkins/static/217883e8/images/material-icons/svg-sprite-action-symbol.svg#ic_help_outline_24px"></use></svg></a><div id="search-box-completion"></div><script>createSearchBox("/jenkins/search/");</script></div></form></div><div class="login page-header__hyperlinks"><div id="visible-am-insertion" class="page-header__am-wrapper"></div><div id="visible-sec-am-insertion" class="page-header__am-wrapper"></div></div></header><div id="breadcrumbBar"><tr id="top-nav"><td id="left-top-nav" colspan="2"><div class="top-sticker noedge"><div class="top-sticker-inner"><div class="breadcrumbs__wrapper"><ul id="breadcrumbs"><li class="item"><a href="/jenkins/" class="model-link inside">Dashboard</a></li><li href="/jenkins/" class="children"></li></ul><div id="breadcrumb-menu-target"></div></div></div></div></td></tr></div></div><div id="page-body" class="clear"><div id="main-panel"><a name="skip2content"></a><h1 style="text-align: center"><img src="/jenkins/static/217883e8/images/rage.png" width="154" height="179"><span style="font-size:50px"> Oops!</span></h1><div id="error-description"><h2 style="text-align: center">A problem occurred while processing the request.</h2><p style="text-align: center">Logging ID=c7556885-eb3f-4b20-80ea-19a63033d8fc</div><p>Please check <a href="https://jenkins.io/redirect/issue-tracker">our bug tracker</a> to see if a similar problem has already been reported. If it is already reported, please vote and put a comment on it to let us gauge the impact of the problem. If you think this is a new issue, please file a new issue. When you file an issue, make sure to add the entire stack trace, along with the version of Jenkins and relevant plugins. <a href="https://jenkins.io/redirect/users-mailing-list">The users list</a> might be also useful in understanding what has happened.<h2>Stack trace</h2><pre style="margin:2em; clear:both">org.apache.commons.jelly.JellyTagException: jar:file:/C:/Users/dc-user/.m2/repository/org/jenkins-ci/main/jenkins-core/2.277.1/jenkins-core-2.277.1.jar!/jenkins/model/Jenkins/configure.jelly:54:84: &lt;st:include> No page found 'config.jelly' for class com.mc.folderteardown.JobTearDownConfiguration
	at org.kohsuke.stapler.jelly.IncludeTag.doTag(IncludeTag.java:124)
	at org.apache.commons.jelly.impl.TagScript.run(TagScript.java:269)
	at org.kohsuke.stapler.jelly.CallTagLibScript$1.run(CallTagLibScript.java:99)
	at org.apache.commons.jelly.tags.define.InvokeBodyTag.doTag(InvokeBodyTag.java:91)
	at org.apache.commons.jelly.impl.TagScript.run(TagScript.java:269)
	at org.kohsuke.stapler.jelly.ReallyStaticTagLibrary$1.run(ReallyStaticTagLibrary.java:100)
	at org.apache.commons.jelly.impl.ScriptBlock.run(ScriptBlock.java:95)
	at org.apache.commons.jelly.TagSupport.invokeBody(TagSupport.java:161)
	at org.apache.commons.jelly.tags.core.OtherwiseTag.doTag(OtherwiseTag.java:41)
	at org.apache.commons.jelly.impl.TagScript.run(TagScript.java:269)
	at org.apache.commons.jelly.impl.ScriptBlock.run(ScriptBlock.java:95)
	at org.apache.commons.jelly.TagSupport.invokeBody(TagSupport.java:161)
	at org.apache.commons.jelly.tags.core.ChooseTag.doTag(ChooseTag.java:38)
	at org.apache.commons.jelly.impl.TagScript.run(TagScript.java:269)
	at org.kohsuke.stapler.jelly.ReallyStaticTagLibrary$1.run(ReallyStaticTagLibrary.java:100)
	at org.apache.commons.jelly.impl.ScriptBlock.run(ScriptBlock.java:95)
	at org.apache.commons.jelly.tags.core.CoreTagLibrary$2.run(CoreTagLibrary.java:105)
	at org.kohsuke.stapler.jelly.CallTagLibScript.run(CallTagLibScript.java:120)
	at org.apache.commons.jelly.impl.ScriptBlock.run(ScriptBlock.java:95)
	at org.apache.commons.jelly.TagSupport.invokeBody(TagSupport.java:161)
	at org.apache.commons.jelly.tags.core.ForEachTag.doTag(ForEachTag.java:150)
	at org.apache.commons.jelly.impl.TagScript.run(TagScript.java:269)
	at org.apache.commons.jelly.impl.ScriptBlock.run(ScriptBlock.java:95)
	at org.kohsuke.stapler.jelly.CallTagLibScript$1.run(CallTagLibScript.java:99)
	at org.apache.commons.jelly.tags.define.InvokeBodyTag.doTag(InvokeBodyTag.java:91)
	at org.apache.commons.jelly.impl.TagScript.run(TagScript.java:269)
	at org.kohsuke.stapler.jelly.ReallyStaticTagLibrary$1.run(ReallyStaticTagLibrary.java:100)
	at org.kohsuke.stapler.jelly.ReallyStaticTagLibrary$1.run(ReallyStaticTagLibrary.java:100)
	at org.apache.commons.jelly.impl.ScriptBlock.run(ScriptBlock.java:95)
	at org.apache.commons.jelly.tags.core.CoreTagLibrary$2.run(CoreTagLibrary.java:105)
	at org.kohsuke.stapler.jelly.CallTagLibScript.run(CallTagLibScript.java:120)
	at org.apache.commons.jelly.impl.ScriptBlock.run(ScriptBlock.java:95)
	at org.kohsuke.stapler.jelly.CallTagLibScript$1.run(CallTagLibScript.java:99)
	at org.apache.commons.jelly.tags.define.InvokeBodyTag.doTag(InvokeBodyTag.java:91)
	at org.apache.commons.jelly.impl.TagScript.run(TagScript.java:269)
	at org.apache.commons.jelly.impl.ScriptBlock.run(ScriptBlock.java:95)
	at org.apache.commons.jelly.tags.core.CoreTagLibrary$1.run(CoreTagLibrary.java:98)
	at org.apache.commons.jelly.impl.ScriptBlock.run(ScriptBlock.java:95)
	at org.apache.commons.jelly.tags.core.CoreTagLibrary$2.run(CoreTagLibrary.java:105)
	at org.kohsuke.stapler.jelly.CallTagLibScript.run(CallTagLibScript.java:120)
	at org.apache.commons.jelly.impl.ScriptBlock.run(ScriptBlock.java:95)
	at org.kohsuke.stapler.jelly.CallTagLibScript$1.run(CallTagLibScript.java:99)
	at org.apache.commons.jelly.tags.define.InvokeBodyTag.doTag(InvokeBodyTag.java:91)
	at org.apache.commons.jelly.impl.TagScript.run(TagScript.java:269)
	at org.apache.commons.jelly.impl.ScriptBlock.run(ScriptBlock.java:95)
	at org.kohsuke.stapler.jelly.ReallyStaticTagLibrary$1.run(ReallyStaticTagLibrary.java:100)
	at org.apache.commons.jelly.impl.ScriptBlock.run(ScriptBlock.java:95)
	at org.kohsuke.stapler.jelly.ReallyStaticTagLibrary$1.run(ReallyStaticTagLibrary.java:100)
	at org.apache.commons.jelly.impl.ScriptBlock.run(ScriptBlock.java:95)
	at org.kohsuke.stapler.jelly.ReallyStaticTagLibrary$1.run(ReallyStaticTagLibrary.java:100)
	at org.apache.commons.jelly.impl.ScriptBlock.run(ScriptBlock.java:95)
	at org.kohsuke.stapler.jelly.ReallyStaticTagLibrary$1.run(ReallyStaticTagLibrary.java:100)
	at org.apache.commons.jelly.impl.ScriptBlock.run(ScriptBlock.java:95)
	at org.kohsuke.stapler.jelly.CallTagLibScript$1.run(CallTagLibScript.java:99)
	at org.apache.commons.jelly.tags.define.InvokeBodyTag.doTag(InvokeBodyTag.java:91)
	at org.apache.commons.jelly.impl.TagScript.run(TagScript.java:269)
	at org.apache.commons.jelly.impl.ScriptBlock.run(ScriptBlock.java:95)
	at org.apache.commons.jelly.tags.core.CoreTagLibrary$2.run(CoreTagLibrary.java:105)
	at org.kohsuke.stapler.jelly.CallTagLibScript.run(CallTagLibScript.java:120)
	at org.apache.commons.jelly.impl.ScriptBlock.run(ScriptBlock.java:95)
	at org.apache.commons.jelly.tags.core.CoreTagLibrary$2.run(CoreTagLibrary.java:105)
	at org.kohsuke.stapler.jelly.CallTagLibScript.run(CallTagLibScript.java:120)
	at org.apache.commons.jelly.tags.core.CoreTagLibrary$2.run(CoreTagLibrary.java:105)
	at org.kohsuke.stapler.jelly.JellyViewScript.run(JellyViewScript.java:95)
	at org.kohsuke.stapler.jelly.DefaultScriptInvoker.invokeScript(DefaultScriptInvoker.java:64)
	at org.kohsuke.stapler.jelly.DefaultScriptInvoker.invokeScript(DefaultScriptInvoker.java:54)
	at org.kohsuke.stapler.jelly.ScriptInvoker.execute(ScriptInvoker.java:56)
	at org.kohsuke.stapler.jelly.ScriptInvoker.execute(ScriptInvoker.java:43)
	at org.kohsuke.stapler.Facet$1.dispatch(Facet.java:240)
	at org.kohsuke.stapler.Stapler.tryInvoke(Stapler.java:766)
	at org.kohsuke.stapler.Stapler.invoke(Stapler.java:898)
	at org.kohsuke.stapler.Stapler.invoke(Stapler.java:694)
	at org.kohsuke.stapler.Stapler.service(Stapler.java:240)
	at javax.servlet.http.HttpServlet.service(HttpServlet.java:790)
	at org.eclipse.jetty.servlet.ServletHolder.handle(ServletHolder.java:799)
	at org.eclipse.jetty.servlet.ServletHandler$ChainEnd.doFilter(ServletHandler.java:1626)
	at hudson.util.PluginServletFilter$1.doFilter(PluginServletFilter.java:154)
	at jenkins.security.ResourceDomainFilter.doFilter(ResourceDomainFilter.java:76)
	at hudson.util.PluginServletFilter$1.doFilter(PluginServletFilter.java:151)
	at jenkins.telemetry.impl.UserLanguages$AcceptLanguageFilter.doFilter(UserLanguages.java:129)
	at hudson.util.PluginServletFilter$1.doFilter(PluginServletFilter.java:151)
	at hudson.util.PluginServletFilter.doFilter(PluginServletFilter.java:157)
	at org.eclipse.jetty.servlet.FilterHolder.doFilter(FilterHolder.java:193)
	at org.eclipse.jetty.servlet.ServletHandler$Chain.doFilter(ServletHandler.java:1601)
	at hudson.security.csrf.CrumbFilter.doFilter(CrumbFilter.java:159)
	at org.eclipse.jetty.servlet.FilterHolder.doFilter(FilterHolder.java:193)
	at org.eclipse.jetty.servlet.ServletHandler$Chain.doFilter(ServletHandler.java:1601)
	at hudson.security.ChainedServletFilter$1.doFilter(ChainedServletFilter.java:92)
	at hudson.security.ChainedServletFilter.doFilter(ChainedServletFilter.java:109)
	at hudson.security.HudsonFilter.doFilter(HudsonFilter.java:168)
	at org.eclipse.jetty.servlet.FilterHolder.doFilter(FilterHolder.java:193)
	at org.eclipse.jetty.servlet.ServletHandler$Chain.doFilter(ServletHandler.java:1601)
	at org.kohsuke.stapler.compression.CompressionFilter.doFilter(CompressionFilter.java:51)
	at org.eclipse.jetty.servlet.FilterHolder.doFilter(FilterHolder.java:193)
	at org.eclipse.jetty.servlet.ServletHandler$Chain.doFilter(ServletHandler.java:1601)
	at hudson.util.CharacterEncodingFilter.doFilter(CharacterEncodingFilter.java:82)
	at org.eclipse.jetty.servlet.FilterHolder.doFilter(FilterHolder.java:193)
	at org.eclipse.jetty.servlet.ServletHandler$Chain.doFilter(ServletHandler.java:1601)
	at org.kohsuke.stapler.DiagnosticThreadNameFilter.doFilter(DiagnosticThreadNameFilter.java:30)
	at org.eclipse.jetty.servlet.FilterHolder.doFilter(FilterHolder.java:193)
	at org.eclipse.jetty.servlet.ServletHandler$Chain.doFilter(ServletHandler.java:1601)
	at jenkins.security.SuspiciousRequestFilter.doFilter(SuspiciousRequestFilter.java:36)
	at org.eclipse.jetty.servlet.FilterHolder.doFilter(FilterHolder.java:193)
	at org.eclipse.jetty.servlet.ServletHandler$Chain.doFilter(ServletHandler.java:1601)
	at org.eclipse.jetty.servlet.ServletHandler.doHandle(ServletHandler.java:548)
	at org.eclipse.jetty.server.handler.ScopedHandler.handle(ScopedHandler.java:143)
	at org.eclipse.jetty.security.SecurityHandler.handle(SecurityHandler.java:578)
	at org.eclipse.jetty.server.handler.HandlerWrapper.handle(HandlerWrapper.java:127)
	at org.eclipse.jetty.server.handler.ScopedHandler.nextHandle(ScopedHandler.java:235)
	at org.eclipse.jetty.server.session.SessionHandler.doHandle(SessionHandler.java:1624)
	at org.eclipse.jetty.server.handler.ScopedHandler.nextHandle(ScopedHandler.java:233)
	at org.eclipse.jetty.server.handler.ContextHandler.doHandle(ContextHandler.java:1435)
	at org.eclipse.jetty.server.handler.ScopedHandler.nextScope(ScopedHandler.java:188)
	at org.eclipse.jetty.servlet.ServletHandler.doScope(ServletHandler.java:501)
	at org.eclipse.jetty.server.session.SessionHandler.doScope(SessionHandler.java:1594)
	at org.eclipse.jetty.server.handler.ScopedHandler.nextScope(ScopedHandler.java:186)
	at org.eclipse.jetty.server.handler.ContextHandler.doScope(ContextHandler.java:1350)
	at org.eclipse.jetty.server.handler.ScopedHandler.handle(ScopedHandler.java:141)
	at org.eclipse.jetty.server.handler.HandlerWrapper.handle(HandlerWrapper.java:127)
	at org.eclipse.jetty.server.Server.handle(Server.java:516)
	at org.eclipse.jetty.server.HttpChannel.lambda$handle$1(HttpChannel.java:388)
	at org.eclipse.jetty.server.HttpChannel.dispatch(HttpChannel.java:633)
	at org.eclipse.jetty.server.HttpChannel.handle(HttpChannel.java:380)
	at org.eclipse.jetty.server.HttpConnection.onFillable(HttpConnection.java:277)
	at org.eclipse.jetty.io.AbstractConnection$ReadCallback.succeeded(AbstractConnection.java:311)
	at org.eclipse.jetty.io.FillInterest.fillable(FillInterest.java:105)
	at org.eclipse.jetty.io.ChannelEndPoint$1.run(ChannelEndPoint.java:104)
	at org.eclipse.jetty.util.thread.QueuedThreadPool.runJob(QueuedThreadPool.java:882)
	at org.eclipse.jetty.util.thread.QueuedThreadPool$Runner.run(QueuedThreadPool.java:1036)
	at java.lang.Thread.run(Thread.java:750)
Caused: javax.servlet.ServletException
	at org.kohsuke.stapler.Facet$1.dispatch(Facet.java:249)
	at org.kohsuke.stapler.Stapler.tryInvoke(Stapler.java:766)
	at org.kohsuke.stapler.Stapler.invoke(Stapler.java:898)
	at org.kohsuke.stapler.Stapler.invoke(Stapler.java:694)
	at org.kohsuke.stapler.Stapler.service(Stapler.java:240)
	at javax.servlet.http.HttpServlet.service(HttpServlet.java:790)
	at org.eclipse.jetty.servlet.ServletHolder.handle(ServletHolder.java:799)
	at org.eclipse.jetty.servlet.ServletHandler$ChainEnd.doFilter(ServletHandler.java:1626)
	at hudson.util.PluginServletFilter$1.doFilter(PluginServletFilter.java:154)
	at jenkins.security.ResourceDomainFilter.doFilter(ResourceDomainFilter.java:76)
	at hudson.util.PluginServletFilter$1.doFilter(PluginServletFilter.java:151)
	at jenkins.telemetry.impl.UserLanguages$AcceptLanguageFilter.doFilter(UserLanguages.java:129)
	at hudson.util.PluginServletFilter$1.doFilter(PluginServletFilter.java:151)
	at hudson.util.PluginServletFilter.doFilter(PluginServletFilter.java:157)
	at org.eclipse.jetty.servlet.FilterHolder.doFilter(FilterHolder.java:193)
	at org.eclipse.jetty.servlet.ServletHandler$Chain.doFilter(ServletHandler.java:1601)
	at hudson.security.csrf.CrumbFilter.doFilter(CrumbFilter.java:159)
	at org.eclipse.jetty.servlet.FilterHolder.doFilter(FilterHolder.java:193)
	at org.eclipse.jetty.servlet.ServletHandler$Chain.doFilter(ServletHandler.java:1601)
	at hudson.security.ChainedServletFilter$1.doFilter(ChainedServletFilter.java:92)
	at hudson.security.ChainedServletFilter.doFilter(ChainedServletFilter.java:109)
	at hudson.security.HudsonFilter.doFilter(HudsonFilter.java:168)
	at org.eclipse.jetty.servlet.FilterHolder.doFilter(FilterHolder.java:193)
	at org.eclipse.jetty.servlet.ServletHandler$Chain.doFilter(ServletHandler.java:1601)
	at org.kohsuke.stapler.compression.CompressionFilter.doFilter(CompressionFilter.java:51)
	at org.eclipse.jetty.servlet.FilterHolder.doFilter(FilterHolder.java:193)
	at org.eclipse.jetty.servlet.ServletHandler$Chain.doFilter(ServletHandler.java:1601)
	at hudson.util.CharacterEncodingFilter.doFilter(CharacterEncodingFilter.java:82)
	at org.eclipse.jetty.servlet.FilterHolder.doFilter(FilterHolder.java:193)
	at org.eclipse.jetty.servlet.ServletHandler$Chain.doFilter(ServletHandler.java:1601)
	at org.kohsuke.stapler.DiagnosticThreadNameFilter.doFilter(DiagnosticThreadNameFilter.java:30)
	at org.eclipse.jetty.servlet.FilterHolder.doFilter(FilterHolder.java:193)
	at org.eclipse.jetty.servlet.ServletHandler$Chain.doFilter(ServletHandler.java:1601)
	at jenkins.security.SuspiciousRequestFilter.doFilter(SuspiciousRequestFilter.java:36)
	at org.eclipse.jetty.servlet.FilterHolder.doFilter(FilterHolder.java:193)
	at org.eclipse.jetty.servlet.ServletHandler$Chain.doFilter(ServletHandler.java:1601)
	at org.eclipse.jetty.servlet.ServletHandler.doHandle(ServletHandler.java:548)
	at org.eclipse.jetty.server.handler.ScopedHandler.handle(ScopedHandler.java:143)
	at org.eclipse.jetty.security.SecurityHandler.handle(SecurityHandler.java:578)
	at org.eclipse.jetty.server.handler.HandlerWrapper.handle(HandlerWrapper.java:127)
	at org.eclipse.jetty.server.handler.ScopedHandler.nextHandle(ScopedHandler.java:235)
	at org.eclipse.jetty.server.session.SessionHandler.doHandle(SessionHandler.java:1624)
	at org.eclipse.jetty.server.handler.ScopedHandler.nextHandle(ScopedHandler.java:233)
	at org.eclipse.jetty.server.handler.ContextHandler.doHandle(ContextHandler.java:1435)
	at org.eclipse.jetty.server.handler.ScopedHandler.nextScope(ScopedHandler.java:188)
	at org.eclipse.jetty.servlet.ServletHandler.doScope(ServletHandler.java:501)
	at org.eclipse.jetty.server.session.SessionHandler.doScope(SessionHandler.java:1594)
	at org.eclipse.jetty.server.handler.ScopedHandler.nextScope(ScopedHandler.java:186)
	at org.eclipse.jetty.server.handler.ContextHandler.doScope(ContextHandler.java:1350)
	at org.eclipse.jetty.server.handler.ScopedHandler.handle(ScopedHandler.java:141)
	at org.eclipse.jetty.server.handler.HandlerWrapper.handle(HandlerWrapper.java:127)
	at org.eclipse.jetty.server.Server.handle(Server.java:516)
	at org.eclipse.jetty.server.HttpChannel.lambda$handle$1(HttpChannel.java:388)
	at org.eclipse.jetty.server.HttpChannel.dispatch(HttpChannel.java:633)
	at org.eclipse.jetty.server.HttpChannel.handle(HttpChannel.java:380)
	at org.eclipse.jetty.server.HttpConnection.onFillable(HttpConnection.java:277)
	at org.eclipse.jetty.io.AbstractConnection$ReadCallback.succeeded(AbstractConnection.java:311)
	at org.eclipse.jetty.io.FillInterest.fillable(FillInterest.java:105)
	at org.eclipse.jetty.io.ChannelEndPoint$1.run(ChannelEndPoint.java:104)
	at org.eclipse.jetty.util.thread.QueuedThreadPool.runJob(QueuedThreadPool.java:882)
	at org.eclipse.jetty.util.thread.QueuedThreadPool$Runner.run(QueuedThreadPool.java:1036)
	at java.lang.Thread.run(Thread.java:750)
</pre></div></div><footer class="page-footer"><div class="container-fluid"><div class="page-footer__flex-row"><div class="page-footer__footer-id-placeholder" id="footer"></div><link rel='stylesheet' href='/jenkins/adjuncts/217883e8/jenkins/management/AdministrativeMonitorsDecorator/resources.css' type='text/css' /><script src='/jenkins/adjuncts/217883e8/jenkins/management/AdministrativeMonitorsDecorator/resources.js' type='text/javascript'></script><div id="visible-am-container" class="am-container"></div><div id="visible-sec-am-container" class="am-container"><a id="visible-sec-am-button" href="#" title="There are 1 active security administrative monitors." class="am-button security-am" data-href="/jenkins/administrativeMonitors/securityPopupContent"><svg viewBox="0 0 24 24" focusable="false" class="svg-icon "><use href="/jenkins/static/217883e8/images/material-icons/svg-sprite-action-symbol.svg#ic_warning_shield_24px"></use></svg><div class="am-monitor__indicator-mobile"></div><span class="am-monitor__count">1</span></a><div id="visible-sec-am-list" class="am-list"></div></div><script type="text/javascript">
            (function() {
                var amContainer = document.getElementById("visible-am-container");
                var amInsertion = document.getElementById("visible-am-insertion");

                if (amInsertion) {
                    amInsertion.appendChild(amContainer);
                }

                var secAmContainer = document.getElementById("visible-sec-am-container");
                var secAmInsertion = document.getElementById("visible-sec-am-insertion");

                if (secAmInsertion) {
                    secAmInsertion.appendChild(secAmContainer);
                }
            })();
        </script><div class="page-footer__links rest_api hidden-xs"><a href="api/">REST API</a></div><div class="page-footer__links page-footer__links--white jenkins_ver"><a rel="noopener noreferrer" href="https://jenkins.io/" target="_blank">Jenkins 2.277.1</a></div></div></div></footer><script async="true" src="/jenkins/static/217883e8/scripts/svgxuse.min.js" type="text/javascript"></script></body></html>
  22.775 [id=367]	INFO	jenkins.model.Jenkins#cleanUp: Stopping Jenkins
  22.926 [id=367]	INFO	jenkins.model.Jenkins#cleanUp: Jenkins stopped
]]></system-err>
  </testcase>
</testsuite>