<?xml version="1.0" encoding="UTF-8"?>
<testsuite xmlns:xsi="http://www.w3.org/2001/XMLSchema-instance" xsi:noNamespaceSchemaLocation="https://maven.apache.org/surefire/maven-surefire-plugin/xsd/surefire-test-report-3.0.xsd" version="3.0" name="com.mc.folderteardown.JobTearDownListenerTest" time="39.749" tests="5" errors="0" skipped="0" failures="0">
  <properties>
[...]
</properties>
  <testcase name="teardownIgnoredGlobalSharedLibraries" classname="com.mc.folderteardown.JobTearDownListenerTest" time="18.927">
    <system-out><![CDATA[=== Starting teardownIgnoredGlobalSharedLibraries(com.mc.folderteardown.JobTearDownListenerTest)
[junit11833649246953697723] $ git version
git version 2.44.0.windows.1
[junit9267057711261739457] $ git init --template=
Initialized empty Git repository in C:/Users/dc-user/AppData/Local/Temp/2/junit11833649246953697723/junit9267057711261739457/.git/
[junit9267057711261739457] $ git branch -m master
[junit9267057711261739457] $ git add file
[junit9267057711261739457] $ git config user.name "Git SampleRepoRule"
[junit9267057711261739457] $ git config user.email gits@mplereporule
[junit9267057711261739457] $ git config init.defaultbranch master
[junit9267057711261739457] $ git config commit.gpgsign false
[junit9267057711261739457] $ git commit --message=init
[master (root-commit) ffb6bf4] init
 1 file changed, 0 insertions(+), 0 deletions(-)
 create mode 100644 file
[junit9267057711261739457] $ git add Jenkinsfile
[junit9267057711261739457] $ git commit --all --message=flow
[master 6ba0f36] flow
 2 files changed, 2 insertions(+)
 create mode 100644 Jenkinsfile
[junit9267057711261739457] $ git checkout -b feature
Switched to a new branch 'feature'
[junit9267057711261739457] $ git commit --all --message=tweaked
[feature d5bbcbb] tweaked
 2 files changed, 2 insertions(+), 2 deletions(-)
]]></system-out>
    <system-err><![CDATA[   0.120 [id=19]	INFO	o.jvnet.hudson.test.WarExploder#explode: Picking up existing exploded jenkins.war at D:\WorkArea\folder-tear-down\target\jenkins-for-test
   0.586 [id=19]	INFO	o.jvnet.hudson.test.JenkinsRule#createWebServer: Running on http://localhost:52437/jenkins/
   1.150 [id=34]	INFO	jenkins.InitReactorRunner$1#onAttained: Started initialization
   2.149 [id=37]	INFO	hudson.PluginManager#considerDetachedPlugin: Loading a detached plugin as a dependency: C:\Users\dc-user\AppData\Local\Temp\2\jenkins9045413578197093869\plugins\javax-mail-api.jpi
   9.033 [id=37]	INFO	hudson.PluginManager#considerDetachedPlugin: Loading a detached plugin as a dependency: C:\Users\dc-user\AppData\Local\Temp\2\jenkins9045413578197093869\plugins\command-launcher.jpi
   9.151 [id=37]	INFO	hudson.PluginManager#considerDetachedPlugin: Loading a detached plugin as a dependency: C:\Users\dc-user\AppData\Local\Temp\2\jenkins9045413578197093869\plugins\jdk-tool.jpi
   9.954 [id=33]	INFO	jenkins.InitReactorRunner$1#onAttained: Listed all plugins
   9.965 [id=37]	INFO	j.b.api.BouncyCastlePlugin#start: D:\WorkArea\folder-tear-down\target\tmp\j h8282608148156498545\plugins\bouncycastle-api\WEB-INF\optional-lib not found; for non RealJenkinsRule this is fine and can be ignored.
  12.796 [id=37]	INFO	jenkins.InitReactorRunner$1#onAttained: Prepared all plugins
  12.799 [id=36]	INFO	jenkins.InitReactorRunner$1#onAttained: Started all plugins
  12.799 [id=36]	INFO	jenkins.InitReactorRunner$1#onAttained: Augmented all extensions
  12.862 [id=36]	INFO	jenkins.InitReactorRunner$1#onAttained: System config loaded
  12.862 [id=36]	INFO	jenkins.InitReactorRunner$1#onAttained: System config adapted
  12.863 [id=35]	INFO	jenkins.InitReactorRunner$1#onAttained: Loaded all jobs
  12.864 [id=32]	INFO	jenkins.InitReactorRunner$1#onAttained: Configuration for all jobs updated
  13.574 [id=33]	INFO	jenkins.InitReactorRunner$1#onAttained: Completed initialization
$ git --version
  17.698 [id=19]	INFO	hudson.lifecycle.Lifecycle#onStatusUpdate: Stopping Jenkins
  17.742 [id=19]	INFO	hudson.lifecycle.Lifecycle#onStatusUpdate: Jenkins stopped
  17.833 [id=19]	INFO	o.j.h.t.TemporaryDirectoryAllocator#dispose: deleting D:\WorkArea\folder-tear-down\target\tmp\j h8282608148156498545
]]></system-err>
  </testcase>
  <testcase name="defaultJobConfiguredAndTriggered" classname="com.mc.folderteardown.JobTearDownListenerTest" time="4.688">
    <system-out><![CDATA[=== Starting defaultJobConfiguredAndTriggered(com.mc.folderteardown.JobTearDownListenerTest)
[junit7647337263382453250] $ git version
git version 2.44.0.windows.1
[junit4296971289939023541] $ git init --template=
Initialized empty Git repository in C:/Users/dc-user/AppData/Local/Temp/2/junit7647337263382453250/junit4296971289939023541/.git/
[junit4296971289939023541] $ git branch -m master
[junit4296971289939023541] $ git add file
[junit4296971289939023541] $ git config user.name "Git SampleRepoRule"
[junit4296971289939023541] $ git config user.email gits@mplereporule
[junit4296971289939023541] $ git config init.defaultbranch master
[junit4296971289939023541] $ git config commit.gpgsign false
[junit4296971289939023541] $ git commit --message=init
[master (root-commit) bbaaf5a] init
 1 file changed, 0 insertions(+), 0 deletions(-)
 create mode 100644 file
[junit4296971289939023541] $ git add Jenkinsfile
[junit4296971289939023541] $ git commit --all --message=flow
[master a80cbf5] flow
 2 files changed, 2 insertions(+)
 create mode 100644 Jenkinsfile
[junit4296971289939023541] $ git checkout -b feature
Switched to a new branch 'feature'
[junit4296971289939023541] $ git commit --all --message=tweaked
[feature 28db490] tweaked
 2 files changed, 2 insertions(+), 2 deletions(-)
]]></system-out>
    <system-err><![CDATA[   0.032 [id=95]	INFO	o.jvnet.hudson.test.JenkinsRule#createWebServer: Running on http://localhost:52447/jenkins/
   0.354 [id=108]	INFO	jenkins.InitReactorRunner$1#onAttained: Started initialization
   0.355 [id=114]	INFO	jenkins.InitReactorRunner$1#onAttained: Listed all plugins
   0.358 [id=112]	INFO	j.b.api.BouncyCastlePlugin#start: D:\WorkArea\folder-tear-down\target\tmp\j h7998271081645757446\plugins\bouncycastle-api\WEB-INF\optional-lib not found; for non RealJenkinsRule this is fine and can be ignored.
   0.717 [id=112]	INFO	jenkins.InitReactorRunner$1#onAttained: Prepared all plugins
   0.718 [id=108]	INFO	jenkins.InitReactorRunner$1#onAttained: Started all plugins
   0.718 [id=107]	INFO	jenkins.InitReactorRunner$1#onAttained: Augmented all extensions
   0.725 [id=107]	INFO	jenkins.InitReactorRunner$1#onAttained: System config loaded
   0.725 [id=107]	INFO	jenkins.InitReactorRunner$1#onAttained: System config adapted
   0.725 [id=110]	INFO	jenkins.InitReactorRunner$1#onAttained: Loaded all jobs
   0.726 [id=114]	INFO	jenkins.InitReactorRunner$1#onAttained: Configuration for all jobs updated
   0.954 [id=111]	INFO	jenkins.InitReactorRunner$1#onAttained: Completed initialization
$ git --version
   4.545 [id=95]	INFO	hudson.lifecycle.Lifecycle#onStatusUpdate: Stopping Jenkins
   4.558 [id=95]	INFO	hudson.lifecycle.Lifecycle#onStatusUpdate: Jenkins stopped
   4.625 [id=95]	INFO	o.j.h.t.TemporaryDirectoryAllocator#dispose: deleting D:\WorkArea\folder-tear-down\target\tmp\j h7998271081645757446
]]></system-err>
  </testcase>
  <testcase name="pipelineDefinedJobTriggered" classname="com.mc.folderteardown.JobTearDownListenerTest" time="4.892">
    <system-out><![CDATA[=== Starting pipelineDefinedJobTriggered(com.mc.folderteardown.JobTearDownListenerTest)
[junit12966355272357194784] $ git version
git version 2.44.0.windows.1
[junit12026432122014385408] $ git init --template=
Initialized empty Git repository in C:/Users/dc-user/AppData/Local/Temp/2/junit12966355272357194784/junit12026432122014385408/.git/
[junit12026432122014385408] $ git branch -m master
[junit12026432122014385408] $ git add file
[junit12026432122014385408] $ git config user.name "Git SampleRepoRule"
[junit12026432122014385408] $ git config user.email gits@mplereporule
[junit12026432122014385408] $ git config init.defaultbranch master
[junit12026432122014385408] $ git config commit.gpgsign false
[junit12026432122014385408] $ git commit --message=init
[master (root-commit) 4e232b1] init
 1 file changed, 0 insertions(+), 0 deletions(-)
 create mode 100644 file
[junit12026432122014385408] $ git add Jenkinsfile
[junit12026432122014385408] $ git commit --all --message=flow
[master 5afbe0b] flow
 2 files changed, 2 insertions(+)
 create mode 100644 Jenkinsfile
[junit12026432122014385408] $ git checkout -b feature
Switched to a new branch 'feature'
[junit12026432122014385408] $ git commit --all --message=tweaked
[feature 1f294bb] tweaked
 2 files changed, 2 insertions(+), 2 deletions(-)
]]></system-out>
    <system-err><![CDATA[   0.022 [id=157]	INFO	o.jvnet.hudson.test.JenkinsRule#createWebServer: Running on http://localhost:52452/jenkins/
   0.271 [id=170]	INFO	jenkins.InitReactorRunner$1#onAttained: Started initialization
   0.272 [id=176]	INFO	jenkins.InitReactorRunner$1#onAttained: Listed all plugins
   0.276 [id=172]	INFO	j.b.api.BouncyCastlePlugin#start: D:\WorkArea\folder-tear-down\target\tmp\j h2034247285683904851\plugins\bouncycastle-api\WEB-INF\optional-lib not found; for non RealJenkinsRule this is fine and can be ignored.
   0.603 [id=169]	INFO	jenkins.InitReactorRunner$1#onAttained: Prepared all plugins
   0.604 [id=176]	INFO	jenkins.InitReactorRunner$1#onAttained: Started all plugins
   0.604 [id=176]	INFO	jenkins.InitReactorRunner$1#onAttained: Augmented all extensions
   0.608 [id=170]	INFO	jenkins.InitReactorRunner$1#onAttained: System config loaded
   0.609 [id=174]	INFO	jenkins.InitReactorRunner$1#onAttained: System config adapted
   0.609 [id=174]	INFO	jenkins.InitReactorRunner$1#onAttained: Loaded all jobs
   0.609 [id=174]	INFO	jenkins.InitReactorRunner$1#onAttained: Configuration for all jobs updated
   0.794 [id=175]	INFO	jenkins.InitReactorRunner$1#onAttained: Completed initialization
$ git --version
   4.753 [id=157]	INFO	hudson.lifecycle.Lifecycle#onStatusUpdate: Stopping Jenkins
   4.770 [id=157]	INFO	hudson.lifecycle.Lifecycle#onStatusUpdate: Jenkins stopped
   4.828 [id=157]	INFO	o.j.h.t.TemporaryDirectoryAllocator#dispose: deleting D:\WorkArea\folder-tear-down\target\tmp\j h2034247285683904851
]]></system-err>
  </testcase>
  <testcase name="userDefinedJobTriggered" classname="com.mc.folderteardown.JobTearDownListenerTest" time="4.696">
    <system-out><![CDATA[=== Starting userDefinedJobTriggered(com.mc.folderteardown.JobTearDownListenerTest)
[junit7004064647383613955] $ git version
git version 2.44.0.windows.1
[junit8747125664710846173] $ git init --template=
Initialized empty Git repository in C:/Users/dc-user/AppData/Local/Temp/2/junit7004064647383613955/junit8747125664710846173/.git/
[junit8747125664710846173] $ git branch -m master
[junit8747125664710846173] $ git add file
[junit8747125664710846173] $ git config user.name "Git SampleRepoRule"
[junit8747125664710846173] $ git config user.email gits@mplereporule
[junit8747125664710846173] $ git config init.defaultbranch master
[junit8747125664710846173] $ git config commit.gpgsign false
[junit8747125664710846173] $ git commit --message=init
[master (root-commit) cfd4a2c] init
 1 file changed, 0 insertions(+), 0 deletions(-)
 create mode 100644 file
[junit8747125664710846173] $ git add Jenkinsfile
[junit8747125664710846173] $ git commit --all --message=flow
[master 6b4b1ff] flow
 2 files changed, 2 insertions(+)
 create mode 100644 Jenkinsfile
[junit8747125664710846173] $ git checkout -b feature
Switched to a new branch 'feature'
[junit8747125664710846173] $ git commit --all --message=tweaked
[feature 61e51fa] tweaked
 2 files changed, 2 insertions(+), 2 deletions(-)
]]></system-out>
    <system-err><![CDATA[   0.025 [id=219]	INFO	o.jvnet.hudson.test.JenkinsRule#createWebServer: Running on http://localhost:52455/jenkins/
   0.270 [id=232]	INFO	jenkins.InitReactorRunner$1#onAttained: Started initialization
   0.271 [id=237]	INFO	jenkins.InitReactorRunner$1#onAttained: Listed all plugins
   0.273 [id=235]	INFO	j.b.api.BouncyCastlePlugin#start: D:\WorkArea\folder-tear-down\target\tmp\j h1054816662750151190\plugins\bouncycastle-api\WEB-INF\optional-lib not found; for non RealJenkinsRule this is fine and can be ignored.
   0.635 [id=238]	INFO	jenkins.InitReactorRunner$1#onAttained: Prepared all plugins
   0.635 [id=233]	INFO	jenkins.InitReactorRunner$1#onAttained: Started all plugins
   0.636 [id=233]	INFO	jenkins.InitReactorRunner$1#onAttained: Augmented all extensions
   0.641 [id=233]	INFO	jenkins.InitReactorRunner$1#onAttained: System config loaded
   0.642 [id=231]	INFO	jenkins.InitReactorRunner$1#onAttained: System config adapted
   0.642 [id=231]	INFO	jenkins.InitReactorRunner$1#onAttained: Loaded all jobs
   0.642 [id=231]	INFO	jenkins.InitReactorRunner$1#onAttained: Configuration for all jobs updated
   0.829 [id=238]	INFO	jenkins.InitReactorRunner$1#onAttained: Completed initialization
$ git --version
   4.544 [id=219]	INFO	hudson.lifecycle.Lifecycle#onStatusUpdate: Stopping Jenkins
   4.561 [id=219]	INFO	hudson.lifecycle.Lifecycle#onStatusUpdate: Jenkins stopped
   4.631 [id=219]	INFO	o.j.h.t.TemporaryDirectoryAllocator#dispose: deleting D:\WorkArea\folder-tear-down\target\tmp\j h1054816662750151190
]]></system-err>
  </testcase>
  <testcase name="pipelineDefinedJobTakesPrecedenceOverGlobalSettings" classname="com.mc.folderteardown.JobTearDownListenerTest" time="6.522">
    <system-out><![CDATA[=== Starting pipelineDefinedJobTakesPrecedenceOverGlobalSettings(com.mc.folderteardown.JobTearDownListenerTest)
[junit2879116093962506076] $ git version
git version 2.44.0.windows.1
[junit4054720703872899850] $ git init --template=
Initialized empty Git repository in C:/Users/dc-user/AppData/Local/Temp/2/junit2879116093962506076/junit4054720703872899850/.git/
[junit4054720703872899850] $ git branch -m master
[junit4054720703872899850] $ git add file
[junit4054720703872899850] $ git config user.name "Git SampleRepoRule"
[junit4054720703872899850] $ git config user.email gits@mplereporule
[junit4054720703872899850] $ git config init.defaultbranch master
[junit4054720703872899850] $ git config commit.gpgsign false
[junit4054720703872899850] $ git commit --message=init
[master (root-commit) daf5791] init
 1 file changed, 0 insertions(+), 0 deletions(-)
 create mode 100644 file
[junit4054720703872899850] $ git add Jenkinsfile
[junit4054720703872899850] $ git commit --all --message=flow
[master 26102bb] flow
 2 files changed, 2 insertions(+)
 create mode 100644 Jenkinsfile
[junit4054720703872899850] $ git checkout -b feature
Switched to a new branch 'feature'
[junit4054720703872899850] $ git commit --all --message=tweaked
[feature 0e7d935] tweaked
 2 files changed, 2 insertions(+), 2 deletions(-)
]]></system-out>
    <system-err><![CDATA[   0.027 [id=281]	INFO	o.jvnet.hudson.test.JenkinsRule#createWebServer: Running on http://localhost:52459/jenkins/
   0.285 [id=294]	INFO	jenkins.InitReactorRunner$1#onAttained: Started initialization
   0.286 [id=299]	INFO	jenkins.InitReactorRunner$1#onAttained: Listed all plugins
   0.288 [id=298]	INFO	j.b.api.BouncyCastlePlugin#start: D:\WorkArea\folder-tear-down\target\tmp\j h4464781473074110460\plugins\bouncycastle-api\WEB-INF\optional-lib not found; for non RealJenkinsRule this is fine and can be ignored.
   0.648 [id=298]	INFO	jenkins.InitReactorRunner$1#onAttained: Prepared all plugins
   0.649 [id=297]	INFO	jenkins.InitReactorRunner$1#onAttained: Started all plugins
   0.649 [id=297]	INFO	jenkins.InitReactorRunner$1#onAttained: Augmented all extensions
   0.654 [id=293]	INFO	jenkins.InitReactorRunner$1#onAttained: System config loaded
   0.654 [id=293]	INFO	jenkins.InitReactorRunner$1#onAttained: System config adapted
   0.654 [id=293]	INFO	jenkins.InitReactorRunner$1#onAttained: Loaded all jobs
   0.655 [id=300]	INFO	jenkins.InitReactorRunner$1#onAttained: Configuration for all jobs updated
   0.850 [id=295]	INFO	jenkins.InitReactorRunner$1#onAttained: Completed initialization
$ git --version
   6.359 [id=281]	INFO	hudson.lifecycle.Lifecycle#onStatusUpdate: Stopping Jenkins
   6.389 [id=281]	INFO	hudson.lifecycle.Lifecycle#onStatusUpdate: Jenkins stopped
   6.458 [id=281]	INFO	o.j.h.t.TemporaryDirectoryAllocator#dispose: deleting D:\WorkArea\folder-tear-down\target\tmp\j h4464781473074110460
]]></system-err>
  </testcase>
</testsuite>